{"/home/techf/Workspace/hacktiv82/phase 2/W3/D1/IP-HCK82/server/app.js": {"path":"/home/techf/Workspace/hacktiv82/phase 2/W3/D1/IP-HCK82/server/app.js","statementMap":{"0":{"start":{"line":1,"column":0},"end":{"line":3,"column":1}},"1":{"start":{"line":2,"column":4},"end":{"line":2,"column":30}},"2":{"start":{"line":6,"column":16},"end":{"line":6,"column":34}},"3":{"start":{"line":7,"column":21},"end":{"line":7,"column":57}},"4":{"start":{"line":9,"column":12},"end":{"line":9,"column":21}},"5":{"start":{"line":10,"column":13},"end":{"line":10,"column":28}},"6":{"start":{"line":12,"column":0},"end":{"line":12,"column":48}},"7":{"start":{"line":13,"column":0},"end":{"line":13,"column":23}},"8":{"start":{"line":14,"column":0},"end":{"line":14,"column":15}},"9":{"start":{"line":16,"column":0},"end":{"line":16,"column":34}},"10":{"start":{"line":18,"column":0},"end":{"line":18,"column":21}},"11":{"start":{"line":20,"column":0},"end":{"line":20,"column":20}}},"fnMap":{},"branchMap":{"0":{"loc":{"start":{"line":1,"column":0},"end":{"line":3,"column":1}},"type":"if","locations":[{"start":{"line":1,"column":0},"end":{"line":3,"column":1}},{"start":{},"end":{}}],"line":1}},"s":{"0":6,"1":6,"2":6,"3":6,"4":6,"5":6,"6":6,"7":6,"8":6,"9":6,"10":6,"11":6},"f":{},"b":{"0":[6,0]},"_coverageSchema":"1a1c01bbd47fc00a2c39e90264f33305004495a9","hash":"586575d79ed4ec9b1eb289b8b8ac4cfcaf426fe0"}
,"/home/techf/Workspace/hacktiv82/phase 2/W3/D1/IP-HCK82/server/controllers/AdminController.js": {"path":"/home/techf/Workspace/hacktiv82/phase 2/W3/D1/IP-HCK82/server/controllers/AdminController.js","statementMap":{"0":{"start":{"line":1,"column":28},"end":{"line":1,"column":58}},"1":{"start":{"line":2,"column":22},"end":{"line":2,"column":47}},"2":{"start":{"line":3,"column":17},"end":{"line":3,"column":37}},"3":{"start":{"line":7,"column":4},"end":{"line":11,"column":5}},"4":{"start":{"line":8,"column":6},"end":{"line":8,"column":84}},"5":{"start":{"line":10,"column":6},"end":{"line":10,"column":17}},"6":{"start":{"line":14,"column":4},"end":{"line":33,"column":5}},"7":{"start":{"line":15,"column":34},"end":{"line":15,"column":42}},"8":{"start":{"line":16,"column":6},"end":{"line":18,"column":7}},"9":{"start":{"line":17,"column":8},"end":{"line":17,"column":78}},"10":{"start":{"line":19,"column":19},"end":{"line":19,"column":59}},"11":{"start":{"line":20,"column":6},"end":{"line":22,"column":7}},"12":{"start":{"line":21,"column":8},"end":{"line":21,"column":73}},"13":{"start":{"line":24,"column":30},"end":{"line":24,"column":70}},"14":{"start":{"line":25,"column":6},"end":{"line":27,"column":7}},"15":{"start":{"line":26,"column":8},"end":{"line":26,"column":73}},"16":{"start":{"line":29,"column":27},"end":{"line":29,"column":53}},"17":{"start":{"line":30,"column":6},"end":{"line":30,"column":44}},"18":{"start":{"line":32,"column":6},"end":{"line":32,"column":17}},"19":{"start":{"line":36,"column":4},"end":{"line":49,"column":5}},"20":{"start":{"line":37,"column":20},"end":{"line":42,"column":8}},"21":{"start":{"line":43,"column":6},"end":{"line":45,"column":7}},"22":{"start":{"line":44,"column":8},"end":{"line":44,"column":61}},"23":{"start":{"line":46,"column":6},"end":{"line":46,"column":34}},"24":{"start":{"line":48,"column":6},"end":{"line":48,"column":18}},"25":{"start":{"line":52,"column":4},"end":{"line":64,"column":5}},"26":{"start":{"line":53,"column":19},"end":{"line":57,"column":8}},"27":{"start":{"line":58,"column":6},"end":{"line":60,"column":7}},"28":{"start":{"line":59,"column":8},"end":{"line":59,"column":61}},"29":{"start":{"line":61,"column":6},"end":{"line":61,"column":33}},"30":{"start":{"line":63,"column":6},"end":{"line":63,"column":18}},"31":{"start":{"line":67,"column":4},"end":{"line":79,"column":5}},"32":{"start":{"line":68,"column":60},"end":{"line":68,"column":68}},"33":{"start":{"line":69,"column":19},"end":{"line":69,"column":51}},"34":{"start":{"line":70,"column":6},"end":{"line":72,"column":7}},"35":{"start":{"line":71,"column":8},"end":{"line":71,"column":61}},"36":{"start":{"line":73,"column":26},"end":{"line":73,"column":90}},"37":{"start":{"line":74,"column":27},"end":{"line":74,"column":47}},"38":{"start":{"line":75,"column":6},"end":{"line":75,"column":35}},"39":{"start":{"line":76,"column":6},"end":{"line":76,"column":92}},"40":{"start":{"line":78,"column":6},"end":{"line":78,"column":18}},"41":{"start":{"line":85,"column":0},"end":{"line":85,"column":33}}},"fnMap":{"0":{"name":"(anonymous_0)","decl":{"start":{"line":6,"column":2},"end":{"line":6,"column":3}},"loc":{"start":{"line":6,"column":44},"end":{"line":12,"column":3}},"line":6},"1":{"name":"(anonymous_1)","decl":{"start":{"line":13,"column":2},"end":{"line":13,"column":3}},"loc":{"start":{"line":13,"column":37},"end":{"line":34,"column":3}},"line":13},"2":{"name":"(anonymous_2)","decl":{"start":{"line":35,"column":2},"end":{"line":35,"column":3}},"loc":{"start":{"line":35,"column":43},"end":{"line":50,"column":3}},"line":35},"3":{"name":"(anonymous_3)","decl":{"start":{"line":51,"column":2},"end":{"line":51,"column":3}},"loc":{"start":{"line":51,"column":37},"end":{"line":65,"column":3}},"line":51},"4":{"name":"(anonymous_4)","decl":{"start":{"line":66,"column":2},"end":{"line":66,"column":3}},"loc":{"start":{"line":66,"column":40},"end":{"line":80,"column":3}},"line":66}},"branchMap":{"0":{"loc":{"start":{"line":16,"column":6},"end":{"line":18,"column":7}},"type":"if","locations":[{"start":{"line":16,"column":6},"end":{"line":18,"column":7}},{"start":{},"end":{}}],"line":16},"1":{"loc":{"start":{"line":16,"column":10},"end":{"line":16,"column":29}},"type":"binary-expr","locations":[{"start":{"line":16,"column":10},"end":{"line":16,"column":16}},{"start":{"line":16,"column":20},"end":{"line":16,"column":29}}],"line":16},"2":{"loc":{"start":{"line":20,"column":6},"end":{"line":22,"column":7}},"type":"if","locations":[{"start":{"line":20,"column":6},"end":{"line":22,"column":7}},{"start":{},"end":{}}],"line":20},"3":{"loc":{"start":{"line":25,"column":6},"end":{"line":27,"column":7}},"type":"if","locations":[{"start":{"line":25,"column":6},"end":{"line":27,"column":7}},{"start":{},"end":{}}],"line":25},"4":{"loc":{"start":{"line":43,"column":6},"end":{"line":45,"column":7}},"type":"if","locations":[{"start":{"line":43,"column":6},"end":{"line":45,"column":7}},{"start":{},"end":{}}],"line":43},"5":{"loc":{"start":{"line":58,"column":6},"end":{"line":60,"column":7}},"type":"if","locations":[{"start":{"line":58,"column":6},"end":{"line":60,"column":7}},{"start":{},"end":{}}],"line":58},"6":{"loc":{"start":{"line":70,"column":6},"end":{"line":72,"column":7}},"type":"if","locations":[{"start":{"line":70,"column":6},"end":{"line":72,"column":7}},{"start":{},"end":{}}],"line":70}},"s":{"0":6,"1":6,"2":6,"3":0,"4":0,"5":0,"6":7,"7":7,"8":7,"9":1,"10":6,"11":6,"12":6,"13":0,"14":0,"15":0,"16":0,"17":0,"18":7,"19":0,"20":0,"21":0,"22":0,"23":0,"24":0,"25":0,"26":0,"27":0,"28":0,"29":0,"30":0,"31":0,"32":0,"33":0,"34":0,"35":0,"36":0,"37":0,"38":0,"39":0,"40":0,"41":6},"f":{"0":0,"1":7,"2":0,"3":0,"4":0},"b":{"0":[1,6],"1":[7,6],"2":[6,0],"3":[0,0],"4":[0,0],"5":[0,0],"6":[0,0]},"_coverageSchema":"1a1c01bbd47fc00a2c39e90264f33305004495a9","hash":"91ec2d92bd64bebb4730ec813afaa853a5939b72"}
,"/home/techf/Workspace/hacktiv82/phase 2/W3/D1/IP-HCK82/server/controllers/CartController.js": {"path":"/home/techf/Workspace/hacktiv82/phase 2/W3/D1/IP-HCK82/server/controllers/CartController.js","statementMap":{"0":{"start":{"line":1,"column":26},"end":{"line":1,"column":46}},"1":{"start":{"line":5,"column":4},"end":{"line":16,"column":5}},"2":{"start":{"line":6,"column":21},"end":{"line":6,"column":29}},"3":{"start":{"line":7,"column":19},"end":{"line":10,"column":8}},"4":{"start":{"line":12,"column":6},"end":{"line":12,"column":32}},"5":{"start":{"line":15,"column":6},"end":{"line":15,"column":17}},"6":{"start":{"line":19,"column":4},"end":{"line":51,"column":5}},"7":{"start":{"line":20,"column":21},"end":{"line":20,"column":31}},"8":{"start":{"line":22,"column":22},"end":{"line":22,"column":48}},"9":{"start":{"line":23,"column":6},"end":{"line":25,"column":7}},"10":{"start":{"line":24,"column":8},"end":{"line":24,"column":64}},"11":{"start":{"line":26,"column":6},"end":{"line":28,"column":7}},"12":{"start":{"line":27,"column":8},"end":{"line":27,"column":69}},"13":{"start":{"line":29,"column":29},"end":{"line":29,"column":37}},"14":{"start":{"line":30,"column":19},"end":{"line":35,"column":8}},"15":{"start":{"line":36,"column":6},"end":{"line":46,"column":7}},"16":{"start":{"line":37,"column":8},"end":{"line":37,"column":26}},"17":{"start":{"line":38,"column":8},"end":{"line":38,"column":25}},"18":{"start":{"line":39,"column":8},"end":{"line":39,"column":41}},"19":{"start":{"line":41,"column":24},"end":{"line":44,"column":10}},"20":{"start":{"line":45,"column":8},"end":{"line":45,"column":44}},"21":{"start":{"line":49,"column":6},"end":{"line":49,"column":24}},"22":{"start":{"line":50,"column":6},"end":{"line":50,"column":17}},"23":{"start":{"line":54,"column":4},"end":{"line":75,"column":5}},"24":{"start":{"line":55,"column":29},"end":{"line":55,"column":37}},"25":{"start":{"line":56,"column":21},"end":{"line":56,"column":31}},"26":{"start":{"line":57,"column":19},"end":{"line":62,"column":8}},"27":{"start":{"line":63,"column":6},"end":{"line":65,"column":7}},"28":{"start":{"line":64,"column":8},"end":{"line":64,"column":84}},"29":{"start":{"line":66,"column":22},"end":{"line":66,"column":48}},"30":{"start":{"line":67,"column":6},"end":{"line":69,"column":7}},"31":{"start":{"line":68,"column":8},"end":{"line":68,"column":86}},"32":{"start":{"line":70,"column":6},"end":{"line":70,"column":26}},"33":{"start":{"line":71,"column":6},"end":{"line":71,"column":68}},"34":{"start":{"line":74,"column":6},"end":{"line":74,"column":17}},"35":{"start":{"line":79,"column":0},"end":{"line":79,"column":31}}},"fnMap":{"0":{"name":"(anonymous_0)","decl":{"start":{"line":4,"column":2},"end":{"line":4,"column":3}},"loc":{"start":{"line":4,"column":39},"end":{"line":17,"column":3}},"line":4},"1":{"name":"(anonymous_1)","decl":{"start":{"line":18,"column":2},"end":{"line":18,"column":3}},"loc":{"start":{"line":18,"column":41},"end":{"line":52,"column":3}},"line":18},"2":{"name":"(anonymous_2)","decl":{"start":{"line":53,"column":2},"end":{"line":53,"column":3}},"loc":{"start":{"line":53,"column":46},"end":{"line":76,"column":3}},"line":53}},"branchMap":{"0":{"loc":{"start":{"line":23,"column":6},"end":{"line":25,"column":7}},"type":"if","locations":[{"start":{"line":23,"column":6},"end":{"line":25,"column":7}},{"start":{},"end":{}}],"line":23},"1":{"loc":{"start":{"line":26,"column":6},"end":{"line":28,"column":7}},"type":"if","locations":[{"start":{"line":26,"column":6},"end":{"line":28,"column":7}},{"start":{},"end":{}}],"line":26},"2":{"loc":{"start":{"line":36,"column":6},"end":{"line":46,"column":7}},"type":"if","locations":[{"start":{"line":36,"column":6},"end":{"line":46,"column":7}},{"start":{"line":40,"column":13},"end":{"line":46,"column":7}}],"line":36},"3":{"loc":{"start":{"line":63,"column":6},"end":{"line":65,"column":7}},"type":"if","locations":[{"start":{"line":63,"column":6},"end":{"line":65,"column":7}},{"start":{},"end":{}}],"line":63},"4":{"loc":{"start":{"line":67,"column":6},"end":{"line":69,"column":7}},"type":"if","locations":[{"start":{"line":67,"column":6},"end":{"line":69,"column":7}},{"start":{},"end":{}}],"line":67}},"s":{"0":6,"1":0,"2":0,"3":0,"4":0,"5":0,"6":0,"7":0,"8":0,"9":0,"10":0,"11":0,"12":0,"13":0,"14":0,"15":0,"16":0,"17":0,"18":0,"19":0,"20":0,"21":0,"22":0,"23":0,"24":0,"25":0,"26":0,"27":0,"28":0,"29":0,"30":0,"31":0,"32":0,"33":0,"34":0,"35":6},"f":{"0":0,"1":0,"2":0},"b":{"0":[0,0],"1":[0,0],"2":[0,0],"3":[0,0],"4":[0,0]},"_coverageSchema":"1a1c01bbd47fc00a2c39e90264f33305004495a9","hash":"79983d51c0d19d48509b6f09ce62aa2b5494c171"}
,"/home/techf/Workspace/hacktiv82/phase 2/W3/D1/IP-HCK82/server/controllers/CategoryController.js": {"path":"/home/techf/Workspace/hacktiv82/phase 2/W3/D1/IP-HCK82/server/controllers/CategoryController.js","statementMap":{"0":{"start":{"line":1,"column":21},"end":{"line":1,"column":41}},"1":{"start":{"line":6,"column":8},"end":{"line":11,"column":9}},"2":{"start":{"line":7,"column":30},"end":{"line":7,"column":61}},"3":{"start":{"line":8,"column":10},"end":{"line":8,"column":44}},"4":{"start":{"line":10,"column":10},"end":{"line":10,"column":22}},"5":{"start":{"line":14,"column":8},"end":{"line":19,"column":9}},"6":{"start":{"line":15,"column":29},"end":{"line":15,"column":53}},"7":{"start":{"line":16,"column":10},"end":{"line":16,"column":43}},"8":{"start":{"line":18,"column":10},"end":{"line":18,"column":22}},"9":{"start":{"line":22,"column":8},"end":{"line":32,"column":9}},"10":{"start":{"line":23,"column":25},"end":{"line":23,"column":35}},"11":{"start":{"line":24,"column":27},"end":{"line":24,"column":54}},"12":{"start":{"line":25,"column":10},"end":{"line":27,"column":11}},"13":{"start":{"line":26,"column":12},"end":{"line":26,"column":69}},"14":{"start":{"line":28,"column":34},"end":{"line":28,"column":65}},"15":{"start":{"line":29,"column":10},"end":{"line":29,"column":48}},"16":{"start":{"line":31,"column":10},"end":{"line":31,"column":22}},"17":{"start":{"line":36,"column":0},"end":{"line":36,"column":35}}},"fnMap":{"0":{"name":"(anonymous_0)","decl":{"start":{"line":5,"column":6},"end":{"line":5,"column":7}},"loc":{"start":{"line":5,"column":50},"end":{"line":12,"column":7}},"line":5},"1":{"name":"(anonymous_1)","decl":{"start":{"line":13,"column":6},"end":{"line":13,"column":7}},"loc":{"start":{"line":13,"column":52},"end":{"line":20,"column":7}},"line":13},"2":{"name":"(anonymous_2)","decl":{"start":{"line":21,"column":6},"end":{"line":21,"column":7}},"loc":{"start":{"line":21,"column":50},"end":{"line":33,"column":7}},"line":21}},"branchMap":{"0":{"loc":{"start":{"line":25,"column":10},"end":{"line":27,"column":11}},"type":"if","locations":[{"start":{"line":25,"column":10},"end":{"line":27,"column":11}},{"start":{},"end":{}}],"line":25}},"s":{"0":6,"1":0,"2":0,"3":0,"4":0,"5":1,"6":1,"7":1,"8":0,"9":0,"10":0,"11":0,"12":0,"13":0,"14":0,"15":0,"16":0,"17":6},"f":{"0":0,"1":1,"2":0},"b":{"0":[0,0]},"_coverageSchema":"1a1c01bbd47fc00a2c39e90264f33305004495a9","hash":"8ace56c8d27f668e5a4978e9b68d40f435ae5a27"}
,"/home/techf/Workspace/hacktiv82/phase 2/W3/D1/IP-HCK82/server/controllers/OrderController.js": {"path":"/home/techf/Workspace/hacktiv82/phase 2/W3/D1/IP-HCK82/server/controllers/OrderController.js","statementMap":{"0":{"start":{"line":1,"column":42},"end":{"line":1,"column":62}},"1":{"start":{"line":2,"column":15},"end":{"line":2,"column":35}},"2":{"start":{"line":6,"column":8},"end":{"line":48,"column":9}},"3":{"start":{"line":7,"column":25},"end":{"line":7,"column":33}},"4":{"start":{"line":9,"column":27},"end":{"line":9,"column":38}},"5":{"start":{"line":11,"column":31},"end":{"line":11,"column":32}},"6":{"start":{"line":12,"column":12},"end":{"line":18,"column":13}},"7":{"start":{"line":13,"column":32},"end":{"line":13,"column":70}},"8":{"start":{"line":14,"column":16},"end":{"line":16,"column":17}},"9":{"start":{"line":15,"column":20},"end":{"line":15,"column":77}},"10":{"start":{"line":17,"column":16},"end":{"line":17,"column":62}},"11":{"start":{"line":21,"column":26},"end":{"line":26,"column":15}},"12":{"start":{"line":28,"column":29},"end":{"line":28,"column":31}},"13":{"start":{"line":29,"column":12},"end":{"line":43,"column":13}},"14":{"start":{"line":30,"column":48},"end":{"line":30,"column":52}},"15":{"start":{"line":31,"column":32},"end":{"line":31,"column":65}},"16":{"start":{"line":34,"column":32},"end":{"line":41,"column":18}},"17":{"start":{"line":42,"column":16},"end":{"line":42,"column":43}},"18":{"start":{"line":45,"column":12},"end":{"line":45,"column":55}},"19":{"start":{"line":47,"column":12},"end":{"line":47,"column":24}},"20":{"start":{"line":52,"column":0},"end":{"line":52,"column":33}}},"fnMap":{"0":{"name":"(anonymous_0)","decl":{"start":{"line":5,"column":4},"end":{"line":5,"column":5}},"loc":{"start":{"line":5,"column":45},"end":{"line":49,"column":5}},"line":5}},"branchMap":{"0":{"loc":{"start":{"line":14,"column":16},"end":{"line":16,"column":17}},"type":"if","locations":[{"start":{"line":14,"column":16},"end":{"line":16,"column":17}},{"start":{},"end":{}}],"line":14}},"s":{"0":6,"1":6,"2":0,"3":0,"4":0,"5":0,"6":0,"7":0,"8":0,"9":0,"10":0,"11":0,"12":0,"13":0,"14":0,"15":0,"16":0,"17":0,"18":0,"19":0,"20":6},"f":{"0":0},"b":{"0":[0,0]},"_coverageSchema":"1a1c01bbd47fc00a2c39e90264f33305004495a9","hash":"c6a39863f73e93851c42ea251f969f67a4038347"}
,"/home/techf/Workspace/hacktiv82/phase 2/W3/D1/IP-HCK82/server/controllers/ProductController.js": {"path":"/home/techf/Workspace/hacktiv82/phase 2/W3/D1/IP-HCK82/server/controllers/ProductController.js","statementMap":{"0":{"start":{"line":1,"column":30},"end":{"line":1,"column":50}},"1":{"start":{"line":2,"column":15},"end":{"line":2,"column":35}},"2":{"start":{"line":6,"column":8},"end":{"line":11,"column":9}},"3":{"start":{"line":7,"column":29},"end":{"line":7,"column":59}},"4":{"start":{"line":8,"column":10},"end":{"line":8,"column":42}},"5":{"start":{"line":10,"column":10},"end":{"line":10,"column":21}},"6":{"start":{"line":14,"column":8},"end":{"line":32,"column":9}},"7":{"start":{"line":15,"column":29},"end":{"line":15,"column":38}},"8":{"start":{"line":16,"column":24},"end":{"line":16,"column":26}},"9":{"start":{"line":17,"column":10},"end":{"line":21,"column":11}},"10":{"start":{"line":18,"column":8},"end":{"line":20,"column":9}},"11":{"start":{"line":22,"column":27},"end":{"line":28,"column":12}},"12":{"start":{"line":29,"column":10},"end":{"line":29,"column":41}},"13":{"start":{"line":31,"column":10},"end":{"line":31,"column":22}},"14":{"start":{"line":35,"column":8},"end":{"line":49,"column":9}},"15":{"start":{"line":36,"column":25},"end":{"line":36,"column":35}},"16":{"start":{"line":37,"column":26},"end":{"line":42,"column":12}},"17":{"start":{"line":43,"column":10},"end":{"line":45,"column":11}},"18":{"start":{"line":44,"column":12},"end":{"line":44,"column":68}},"19":{"start":{"line":46,"column":10},"end":{"line":46,"column":40}},"20":{"start":{"line":48,"column":10},"end":{"line":48,"column":22}},"21":{"start":{"line":52,"column":8},"end":{"line":73,"column":9}},"22":{"start":{"line":53,"column":33},"end":{"line":53,"column":43}},"23":{"start":{"line":54,"column":27},"end":{"line":64,"column":12}},"24":{"start":{"line":66,"column":10},"end":{"line":68,"column":11}},"25":{"start":{"line":67,"column":12},"end":{"line":67,"column":71}},"26":{"start":{"line":69,"column":10},"end":{"line":69,"column":41}},"27":{"start":{"line":72,"column":10},"end":{"line":72,"column":22}},"28":{"start":{"line":76,"column":8},"end":{"line":86,"column":9}},"29":{"start":{"line":77,"column":25},"end":{"line":77,"column":35}},"30":{"start":{"line":78,"column":26},"end":{"line":78,"column":52}},"31":{"start":{"line":79,"column":10},"end":{"line":81,"column":11}},"32":{"start":{"line":80,"column":12},"end":{"line":80,"column":68}},"33":{"start":{"line":82,"column":33},"end":{"line":82,"column":63}},"34":{"start":{"line":83,"column":10},"end":{"line":83,"column":47}},"35":{"start":{"line":85,"column":10},"end":{"line":85,"column":22}},"36":{"start":{"line":89,"column":8},"end":{"line":99,"column":9}},"37":{"start":{"line":90,"column":25},"end":{"line":90,"column":35}},"38":{"start":{"line":91,"column":26},"end":{"line":91,"column":52}},"39":{"start":{"line":92,"column":10},"end":{"line":94,"column":11}},"40":{"start":{"line":93,"column":12},"end":{"line":93,"column":68}},"41":{"start":{"line":95,"column":10},"end":{"line":95,"column":34}},"42":{"start":{"line":96,"column":10},"end":{"line":96,"column":76}},"43":{"start":{"line":98,"column":10},"end":{"line":98,"column":22}},"44":{"start":{"line":103,"column":0},"end":{"line":103,"column":34}}},"fnMap":{"0":{"name":"(anonymous_0)","decl":{"start":{"line":5,"column":4},"end":{"line":5,"column":5}},"loc":{"start":{"line":5,"column":47},"end":{"line":12,"column":7}},"line":5},"1":{"name":"(anonymous_1)","decl":{"start":{"line":13,"column":6},"end":{"line":13,"column":7}},"loc":{"start":{"line":13,"column":50},"end":{"line":33,"column":7}},"line":13},"2":{"name":"(anonymous_2)","decl":{"start":{"line":34,"column":6},"end":{"line":34,"column":7}},"loc":{"start":{"line":34,"column":50},"end":{"line":50,"column":7}},"line":34},"3":{"name":"(anonymous_3)","decl":{"start":{"line":51,"column":6},"end":{"line":51,"column":7}},"loc":{"start":{"line":51,"column":57},"end":{"line":74,"column":7}},"line":51},"4":{"name":"(anonymous_4)","decl":{"start":{"line":75,"column":6},"end":{"line":75,"column":7}},"loc":{"start":{"line":75,"column":49},"end":{"line":87,"column":7}},"line":75},"5":{"name":"(anonymous_5)","decl":{"start":{"line":88,"column":6},"end":{"line":88,"column":7}},"loc":{"start":{"line":88,"column":49},"end":{"line":100,"column":7}},"line":88}},"branchMap":{"0":{"loc":{"start":{"line":17,"column":10},"end":{"line":21,"column":11}},"type":"if","locations":[{"start":{"line":17,"column":10},"end":{"line":21,"column":11}},{"start":{},"end":{}}],"line":17},"1":{"loc":{"start":{"line":43,"column":10},"end":{"line":45,"column":11}},"type":"if","locations":[{"start":{"line":43,"column":10},"end":{"line":45,"column":11}},{"start":{},"end":{}}],"line":43},"2":{"loc":{"start":{"line":66,"column":10},"end":{"line":68,"column":11}},"type":"if","locations":[{"start":{"line":66,"column":10},"end":{"line":68,"column":11}},{"start":{},"end":{}}],"line":66},"3":{"loc":{"start":{"line":79,"column":10},"end":{"line":81,"column":11}},"type":"if","locations":[{"start":{"line":79,"column":10},"end":{"line":81,"column":11}},{"start":{},"end":{}}],"line":79},"4":{"loc":{"start":{"line":92,"column":10},"end":{"line":94,"column":11}},"type":"if","locations":[{"start":{"line":92,"column":10},"end":{"line":94,"column":11}},{"start":{},"end":{}}],"line":92}},"s":{"0":6,"1":6,"2":0,"3":0,"4":0,"5":0,"6":2,"7":2,"8":2,"9":2,"10":1,"11":2,"12":2,"13":0,"14":2,"15":2,"16":2,"17":2,"18":1,"19":1,"20":1,"21":2,"22":2,"23":2,"24":2,"25":1,"26":1,"27":1,"28":0,"29":0,"30":0,"31":0,"32":0,"33":0,"34":0,"35":0,"36":0,"37":0,"38":0,"39":0,"40":0,"41":0,"42":0,"43":0,"44":6},"f":{"0":0,"1":2,"2":2,"3":2,"4":0,"5":0},"b":{"0":[1,1],"1":[1,1],"2":[1,1],"3":[0,0],"4":[0,0]},"_coverageSchema":"1a1c01bbd47fc00a2c39e90264f33305004495a9","hash":"1c6d5f2cfccdf747a82b7fb83dd84776d07c2c98"}
,"/home/techf/Workspace/hacktiv82/phase 2/W3/D1/IP-HCK82/server/controllers/PublicController.js": {"path":"/home/techf/Workspace/hacktiv82/phase 2/W3/D1/IP-HCK82/server/controllers/PublicController.js","statementMap":{"0":{"start":{"line":1,"column":15},"end":{"line":1,"column":35}},"1":{"start":{"line":2,"column":17},"end":{"line":2,"column":37}},"2":{"start":{"line":3,"column":28},"end":{"line":3,"column":58}},"3":{"start":{"line":4,"column":22},"end":{"line":4,"column":47}},"4":{"start":{"line":5,"column":18},"end":{"line":5,"column":45}},"5":{"start":{"line":10,"column":4},"end":{"line":14,"column":5}},"6":{"start":{"line":11,"column":6},"end":{"line":11,"column":84}},"7":{"start":{"line":13,"column":6},"end":{"line":13,"column":17}},"8":{"start":{"line":17,"column":4},"end":{"line":42,"column":5}},"9":{"start":{"line":18,"column":6},"end":{"line":18,"column":27}},"10":{"start":{"line":19,"column":34},"end":{"line":19,"column":42}},"11":{"start":{"line":20,"column":6},"end":{"line":22,"column":7}},"12":{"start":{"line":21,"column":8},"end":{"line":21,"column":78}},"13":{"start":{"line":23,"column":19},"end":{"line":28,"column":8}},"14":{"start":{"line":29,"column":6},"end":{"line":31,"column":7}},"15":{"start":{"line":30,"column":8},"end":{"line":30,"column":73}},"16":{"start":{"line":33,"column":30},"end":{"line":33,"column":70}},"17":{"start":{"line":34,"column":6},"end":{"line":36,"column":7}},"18":{"start":{"line":35,"column":8},"end":{"line":35,"column":73}},"19":{"start":{"line":38,"column":27},"end":{"line":38,"column":53}},"20":{"start":{"line":39,"column":6},"end":{"line":39,"column":44}},"21":{"start":{"line":41,"column":6},"end":{"line":41,"column":17}},"22":{"start":{"line":45,"column":4},"end":{"line":55,"column":5}},"23":{"start":{"line":47,"column":19},"end":{"line":47,"column":46}},"24":{"start":{"line":49,"column":22},"end":{"line":49,"column":35}},"25":{"start":{"line":50,"column":6},"end":{"line":50,"column":30}},"26":{"start":{"line":52,"column":6},"end":{"line":52,"column":36}},"27":{"start":{"line":54,"column":6},"end":{"line":54,"column":17}},"28":{"start":{"line":58,"column":4},"end":{"line":67,"column":5}},"29":{"start":{"line":59,"column":21},"end":{"line":59,"column":29}},"30":{"start":{"line":60,"column":19},"end":{"line":60,"column":42}},"31":{"start":{"line":61,"column":6},"end":{"line":63,"column":7}},"32":{"start":{"line":62,"column":8},"end":{"line":62,"column":61}},"33":{"start":{"line":64,"column":6},"end":{"line":64,"column":32}},"34":{"start":{"line":66,"column":6},"end":{"line":66,"column":17}},"35":{"start":{"line":70,"column":4},"end":{"line":81,"column":5}},"36":{"start":{"line":71,"column":21},"end":{"line":71,"column":29}},"37":{"start":{"line":72,"column":19},"end":{"line":72,"column":42}},"38":{"start":{"line":73,"column":6},"end":{"line":75,"column":7}},"39":{"start":{"line":74,"column":8},"end":{"line":74,"column":61}},"40":{"start":{"line":77,"column":6},"end":{"line":77,"column":33}},"41":{"start":{"line":78,"column":6},"end":{"line":78,"column":32}},"42":{"start":{"line":80,"column":6},"end":{"line":80,"column":17}},"43":{"start":{"line":85,"column":4},"end":{"line":115,"column":5}},"44":{"start":{"line":86,"column":24},"end":{"line":86,"column":32}},"45":{"start":{"line":88,"column":6},"end":{"line":90,"column":7}},"46":{"start":{"line":89,"column":8},"end":{"line":89,"column":66}},"47":{"start":{"line":94,"column":6},"end":{"line":96,"column":146}},"48":{"start":{"line":106,"column":23},"end":{"line":106,"column":42}},"49":{"start":{"line":108,"column":6},"end":{"line":112,"column":8}},"50":{"start":{"line":114,"column":6},"end":{"line":114,"column":17}},"51":{"start":{"line":119,"column":0},"end":{"line":119,"column":33}}},"fnMap":{"0":{"name":"(anonymous_0)","decl":{"start":{"line":9,"column":2},"end":{"line":9,"column":3}},"loc":{"start":{"line":9,"column":43},"end":{"line":15,"column":3}},"line":9},"1":{"name":"(anonymous_1)","decl":{"start":{"line":16,"column":2},"end":{"line":16,"column":3}},"loc":{"start":{"line":16,"column":37},"end":{"line":43,"column":3}},"line":16},"2":{"name":"(anonymous_2)","decl":{"start":{"line":44,"column":2},"end":{"line":44,"column":3}},"loc":{"start":{"line":44,"column":40},"end":{"line":56,"column":3}},"line":44},"3":{"name":"(anonymous_3)","decl":{"start":{"line":57,"column":2},"end":{"line":57,"column":3}},"loc":{"start":{"line":57,"column":42},"end":{"line":68,"column":3}},"line":57},"4":{"name":"(anonymous_4)","decl":{"start":{"line":69,"column":2},"end":{"line":69,"column":3}},"loc":{"start":{"line":69,"column":45},"end":{"line":82,"column":3}},"line":69},"5":{"name":"(anonymous_5)","decl":{"start":{"line":84,"column":2},"end":{"line":84,"column":3}},"loc":{"start":{"line":84,"column":48},"end":{"line":116,"column":3}},"line":84}},"branchMap":{"0":{"loc":{"start":{"line":20,"column":6},"end":{"line":22,"column":7}},"type":"if","locations":[{"start":{"line":20,"column":6},"end":{"line":22,"column":7}},{"start":{},"end":{}}],"line":20},"1":{"loc":{"start":{"line":20,"column":10},"end":{"line":20,"column":29}},"type":"binary-expr","locations":[{"start":{"line":20,"column":10},"end":{"line":20,"column":16}},{"start":{"line":20,"column":20},"end":{"line":20,"column":29}}],"line":20},"2":{"loc":{"start":{"line":29,"column":6},"end":{"line":31,"column":7}},"type":"if","locations":[{"start":{"line":29,"column":6},"end":{"line":31,"column":7}},{"start":{},"end":{}}],"line":29},"3":{"loc":{"start":{"line":34,"column":6},"end":{"line":36,"column":7}},"type":"if","locations":[{"start":{"line":34,"column":6},"end":{"line":36,"column":7}},{"start":{},"end":{}}],"line":34},"4":{"loc":{"start":{"line":61,"column":6},"end":{"line":63,"column":7}},"type":"if","locations":[{"start":{"line":61,"column":6},"end":{"line":63,"column":7}},{"start":{},"end":{}}],"line":61},"5":{"loc":{"start":{"line":73,"column":6},"end":{"line":75,"column":7}},"type":"if","locations":[{"start":{"line":73,"column":6},"end":{"line":75,"column":7}},{"start":{},"end":{}}],"line":73},"6":{"loc":{"start":{"line":88,"column":6},"end":{"line":90,"column":7}},"type":"if","locations":[{"start":{"line":88,"column":6},"end":{"line":90,"column":7}},{"start":{},"end":{}}],"line":88}},"s":{"0":6,"1":6,"2":6,"3":6,"4":6,"5":1,"6":1,"7":0,"8":10,"9":10,"10":10,"11":10,"12":1,"13":9,"14":9,"15":9,"16":0,"17":0,"18":0,"19":0,"20":0,"21":10,"22":3,"23":3,"24":2,"25":2,"26":2,"27":1,"28":0,"29":0,"30":0,"31":0,"32":0,"33":0,"34":0,"35":0,"36":0,"37":0,"38":0,"39":0,"40":0,"41":0,"42":0,"43":2,"44":2,"45":2,"46":1,"47":1,"48":1,"49":0,"50":1,"51":6},"f":{"0":1,"1":10,"2":3,"3":0,"4":0,"5":2},"b":{"0":[1,9],"1":[10,9],"2":[9,0],"3":[0,0],"4":[0,0],"5":[0,0],"6":[1,1]},"_coverageSchema":"1a1c01bbd47fc00a2c39e90264f33305004495a9","hash":"9a0073e46c8597326125a581d2821a509300f91f"}
,"/home/techf/Workspace/hacktiv82/phase 2/W3/D1/IP-HCK82/server/helpers/bcryptjs.js": {"path":"/home/techf/Workspace/hacktiv82/phase 2/W3/D1/IP-HCK82/server/helpers/bcryptjs.js","statementMap":{"0":{"start":{"line":1,"column":15},"end":{"line":1,"column":34}},"1":{"start":{"line":3,"column":21},"end":{"line":6,"column":1}},"2":{"start":{"line":4,"column":17},"end":{"line":4,"column":39}},"3":{"start":{"line":5,"column":4},"end":{"line":5,"column":41}},"4":{"start":{"line":8,"column":24},"end":{"line":10,"column":1}},"5":{"start":{"line":9,"column":4},"end":{"line":9,"column":55}},"6":{"start":{"line":12,"column":0},"end":{"line":12,"column":50}}},"fnMap":{"0":{"name":"(anonymous_0)","decl":{"start":{"line":3,"column":21},"end":{"line":3,"column":22}},"loc":{"start":{"line":3,"column":35},"end":{"line":6,"column":1}},"line":3},"1":{"name":"(anonymous_1)","decl":{"start":{"line":8,"column":24},"end":{"line":8,"column":25}},"loc":{"start":{"line":8,"column":54},"end":{"line":10,"column":1}},"line":8}},"branchMap":{},"s":{"0":6,"1":6,"2":14,"3":14,"4":6,"5":0,"6":6},"f":{"0":14,"1":0},"b":{},"_coverageSchema":"1a1c01bbd47fc00a2c39e90264f33305004495a9","hash":"eb8a2d4ccb2a16fcd15bb1b41fa5c780407f9bfe"}
,"/home/techf/Workspace/hacktiv82/phase 2/W3/D1/IP-HCK82/server/helpers/genai.js": {"path":"/home/techf/Workspace/hacktiv82/phase 2/W3/D1/IP-HCK82/server/helpers/genai.js","statementMap":{"0":{"start":{"line":1,"column":24},"end":{"line":1,"column":48}},"1":{"start":{"line":3,"column":11},"end":{"line":3,"column":66}},"2":{"start":{"line":6,"column":19},"end":{"line":9,"column":4}},"3":{"start":{"line":11,"column":2},"end":{"line":11,"column":22}},"4":{"start":{"line":15,"column":19},"end":{"line":15,"column":38}},"5":{"start":{"line":17,"column":15},"end":{"line":17,"column":65}},"6":{"start":{"line":19,"column":2},"end":{"line":19,"column":25}},"7":{"start":{"line":24,"column":18},"end":{"line":25,"column":47}},"8":{"start":{"line":25,"column":24},"end":{"line":25,"column":46}},"9":{"start":{"line":27,"column":19},"end":{"line":35,"column":3}},"10":{"start":{"line":37,"column":19},"end":{"line":40,"column":4}},"11":{"start":{"line":42,"column":2},"end":{"line":42,"column":22}},"12":{"start":{"line":45,"column":0},"end":{"line":49,"column":2}}},"fnMap":{"0":{"name":"genai","decl":{"start":{"line":5,"column":15},"end":{"line":5,"column":20}},"loc":{"start":{"line":5,"column":29},"end":{"line":12,"column":1}},"line":5},"1":{"name":"genAIstructuredOutput","decl":{"start":{"line":14,"column":15},"end":{"line":14,"column":36}},"loc":{"start":{"line":14,"column":45},"end":{"line":20,"column":1}},"line":14},"2":{"name":"genAIDocUnderstand","decl":{"start":{"line":22,"column":15},"end":{"line":22,"column":33}},"loc":{"start":{"line":22,"column":50},"end":{"line":43,"column":1}},"line":22},"3":{"name":"(anonymous_3)","decl":{"start":{"line":25,"column":10},"end":{"line":25,"column":11}},"loc":{"start":{"line":25,"column":24},"end":{"line":25,"column":46}},"line":25}},"branchMap":{},"s":{"0":6,"1":6,"2":1,"3":0,"4":0,"5":0,"6":0,"7":0,"8":0,"9":0,"10":0,"11":0,"12":6},"f":{"0":1,"1":0,"2":0,"3":0},"b":{},"_coverageSchema":"1a1c01bbd47fc00a2c39e90264f33305004495a9","hash":"07240c23dc92aeec883580d18c347fa5545e76ff"}
,"/home/techf/Workspace/hacktiv82/phase 2/W3/D1/IP-HCK82/server/helpers/jest.js": {"path":"/home/techf/Workspace/hacktiv82/phase 2/W3/D1/IP-HCK82/server/helpers/jest.js","statementMap":{"0":{"start":{"line":1,"column":22},"end":{"line":1,"column":42}},"1":{"start":{"line":2,"column":25},"end":{"line":2,"column":46}},"2":{"start":{"line":3,"column":16},"end":{"line":3,"column":36}},"3":{"start":{"line":4,"column":12},"end":{"line":4,"column":29}},"4":{"start":{"line":7,"column":16},"end":{"line":37,"column":1}},"5":{"start":{"line":8,"column":2},"end":{"line":36,"column":3}},"6":{"start":{"line":9,"column":4},"end":{"line":13,"column":6}},"7":{"start":{"line":14,"column":4},"end":{"line":18,"column":6}},"8":{"start":{"line":19,"column":4},"end":{"line":23,"column":6}},"9":{"start":{"line":24,"column":4},"end":{"line":28,"column":6}},"10":{"start":{"line":29,"column":4},"end":{"line":33,"column":6}},"11":{"start":{"line":35,"column":4},"end":{"line":35,"column":22}},"12":{"start":{"line":40,"column":13},"end":{"line":63,"column":1}},"13":{"start":{"line":41,"column":2},"end":{"line":62,"column":3}},"14":{"start":{"line":42,"column":18},"end":{"line":46,"column":6}},"15":{"start":{"line":43,"column":6},"end":{"line":43,"column":45}},"16":{"start":{"line":44,"column":6},"end":{"line":44,"column":46}},"17":{"start":{"line":45,"column":6},"end":{"line":45,"column":15}},"18":{"start":{"line":47,"column":4},"end":{"line":47,"column":61}},"19":{"start":{"line":49,"column":23},"end":{"line":52,"column":6}},"20":{"start":{"line":50,"column":6},"end":{"line":50,"column":46}},"21":{"start":{"line":51,"column":6},"end":{"line":51,"column":15}},"22":{"start":{"line":53,"column":4},"end":{"line":53,"column":71}},"23":{"start":{"line":55,"column":21},"end":{"line":58,"column":6}},"24":{"start":{"line":56,"column":6},"end":{"line":56,"column":46}},"25":{"start":{"line":57,"column":6},"end":{"line":57,"column":15}},"26":{"start":{"line":59,"column":4},"end":{"line":59,"column":67}},"27":{"start":{"line":61,"column":4},"end":{"line":61,"column":22}},"28":{"start":{"line":66,"column":17},"end":{"line":73,"column":1}},"29":{"start":{"line":67,"column":19},"end":{"line":67,"column":54}},"30":{"start":{"line":68,"column":19},"end":{"line":70,"column":30}},"31":{"start":{"line":72,"column":2},"end":{"line":72,"column":35}},"32":{"start":{"line":75,"column":0},"end":{"line":79,"column":1}}},"fnMap":{"0":{"name":"(anonymous_0)","decl":{"start":{"line":7,"column":16},"end":{"line":7,"column":17}},"loc":{"start":{"line":7,"column":28},"end":{"line":37,"column":1}},"line":7},"1":{"name":"(anonymous_1)","decl":{"start":{"line":40,"column":13},"end":{"line":40,"column":14}},"loc":{"start":{"line":40,"column":25},"end":{"line":63,"column":1}},"line":40},"2":{"name":"(anonymous_2)","decl":{"start":{"line":42,"column":52},"end":{"line":42,"column":53}},"loc":{"start":{"line":42,"column":58},"end":{"line":46,"column":5}},"line":42},"3":{"name":"(anonymous_3)","decl":{"start":{"line":49,"column":62},"end":{"line":49,"column":63}},"loc":{"start":{"line":49,"column":68},"end":{"line":52,"column":5}},"line":49},"4":{"name":"(anonymous_4)","decl":{"start":{"line":55,"column":58},"end":{"line":55,"column":59}},"loc":{"start":{"line":55,"column":64},"end":{"line":58,"column":5}},"line":55},"5":{"name":"(anonymous_5)","decl":{"start":{"line":66,"column":17},"end":{"line":66,"column":18}},"loc":{"start":{"line":66,"column":61},"end":{"line":73,"column":1}},"line":66}},"branchMap":{"0":{"loc":{"start":{"line":66,"column":41},"end":{"line":66,"column":56}},"type":"default-arg","locations":[{"start":{"line":66,"column":51},"end":{"line":66,"column":56}}],"line":66},"1":{"loc":{"start":{"line":67,"column":19},"end":{"line":67,"column":54}},"type":"cond-expr","locations":[{"start":{"line":67,"column":29},"end":{"line":67,"column":43}},{"start":{"line":67,"column":46},"end":{"line":67,"column":54}}],"line":67}},"s":{"0":6,"1":6,"2":6,"3":6,"4":6,"5":12,"6":12,"7":12,"8":12,"9":12,"10":12,"11":0,"12":6,"13":6,"14":6,"15":12,"16":12,"17":12,"18":6,"19":6,"20":30,"21":30,"22":6,"23":6,"24":60,"25":60,"26":6,"27":0,"28":6,"29":9,"30":9,"31":9,"32":6},"f":{"0":12,"1":6,"2":12,"3":30,"4":60,"5":9},"b":{"0":[0],"1":[3,6]},"_coverageSchema":"1a1c01bbd47fc00a2c39e90264f33305004495a9","hash":"54f924a2ae468a1b2036938e522be4a542f9a750"}
,"/home/techf/Workspace/hacktiv82/phase 2/W3/D1/IP-HCK82/server/helpers/jwt.js": {"path":"/home/techf/Workspace/hacktiv82/phase 2/W3/D1/IP-HCK82/server/helpers/jwt.js","statementMap":{"0":{"start":{"line":1,"column":12},"end":{"line":1,"column":35}},"1":{"start":{"line":2,"column":19},"end":{"line":2,"column":41}},"2":{"start":{"line":4,"column":18},"end":{"line":6,"column":1}},"3":{"start":{"line":5,"column":4},"end":{"line":5,"column":37}},"4":{"start":{"line":8,"column":20},"end":{"line":10,"column":1}},"5":{"start":{"line":9,"column":4},"end":{"line":9,"column":40}},"6":{"start":{"line":12,"column":0},"end":{"line":15,"column":1}}},"fnMap":{"0":{"name":"(anonymous_0)","decl":{"start":{"line":4,"column":18},"end":{"line":4,"column":19}},"loc":{"start":{"line":4,"column":28},"end":{"line":6,"column":1}},"line":4},"1":{"name":"(anonymous_1)","decl":{"start":{"line":8,"column":20},"end":{"line":8,"column":21}},"loc":{"start":{"line":8,"column":31},"end":{"line":10,"column":1}},"line":8}},"branchMap":{},"s":{"0":6,"1":6,"2":6,"3":0,"4":6,"5":24,"6":6},"f":{"0":0,"1":24},"b":{},"_coverageSchema":"1a1c01bbd47fc00a2c39e90264f33305004495a9","hash":"08d2eb231b4ad58fab04f7c1fa26c3f32395e736"}
,"/home/techf/Workspace/hacktiv82/phase 2/W3/D1/IP-HCK82/server/middleware/authentication.js": {"path":"/home/techf/Workspace/hacktiv82/phase 2/W3/D1/IP-HCK82/server/middleware/authentication.js","statementMap":{"0":{"start":{"line":1,"column":24},"end":{"line":1,"column":49}},"1":{"start":{"line":2,"column":17},"end":{"line":2,"column":37}},"2":{"start":{"line":5,"column":4},"end":{"line":36,"column":5}},"3":{"start":{"line":6,"column":34},"end":{"line":6,"column":45}},"4":{"start":{"line":8,"column":8},"end":{"line":10,"column":9}},"5":{"start":{"line":9,"column":12},"end":{"line":9,"column":66}},"6":{"start":{"line":12,"column":25},"end":{"line":12,"column":49}},"7":{"start":{"line":13,"column":26},"end":{"line":13,"column":37}},"8":{"start":{"line":14,"column":27},"end":{"line":14,"column":38}},"9":{"start":{"line":16,"column":8},"end":{"line":18,"column":9}},"10":{"start":{"line":17,"column":12},"end":{"line":17,"column":67}},"11":{"start":{"line":20,"column":23},"end":{"line":20,"column":46}},"12":{"start":{"line":22,"column":21},"end":{"line":22,"column":51}},"13":{"start":{"line":24,"column":8},"end":{"line":26,"column":9}},"14":{"start":{"line":25,"column":12},"end":{"line":25,"column":66}},"15":{"start":{"line":28,"column":8},"end":{"line":31,"column":9}},"16":{"start":{"line":33,"column":8},"end":{"line":33,"column":14}},"17":{"start":{"line":35,"column":8},"end":{"line":35,"column":19}},"18":{"start":{"line":39,"column":0},"end":{"line":39,"column":31}}},"fnMap":{"0":{"name":"authentication","decl":{"start":{"line":4,"column":15},"end":{"line":4,"column":29}},"loc":{"start":{"line":4,"column":46},"end":{"line":37,"column":1}},"line":4}},"branchMap":{"0":{"loc":{"start":{"line":8,"column":8},"end":{"line":10,"column":9}},"type":"if","locations":[{"start":{"line":8,"column":8},"end":{"line":10,"column":9}},{"start":{},"end":{}}],"line":8},"1":{"loc":{"start":{"line":16,"column":8},"end":{"line":18,"column":9}},"type":"if","locations":[{"start":{"line":16,"column":8},"end":{"line":18,"column":9}},{"start":{},"end":{}}],"line":16},"2":{"loc":{"start":{"line":16,"column":12},"end":{"line":16,"column":49}},"type":"binary-expr","locations":[{"start":{"line":16,"column":12},"end":{"line":16,"column":34}},{"start":{"line":16,"column":38},"end":{"line":16,"column":49}}],"line":16},"3":{"loc":{"start":{"line":24,"column":8},"end":{"line":26,"column":9}},"type":"if","locations":[{"start":{"line":24,"column":8},"end":{"line":26,"column":9}},{"start":{},"end":{}}],"line":24}},"s":{"0":6,"1":6,"2":34,"3":34,"4":34,"5":10,"6":24,"7":24,"8":24,"9":24,"10":0,"11":24,"12":0,"13":0,"14":0,"15":0,"16":0,"17":34,"18":6},"f":{"0":34},"b":{"0":[10,24],"1":[0,24],"2":[24,24],"3":[0,0]},"_coverageSchema":"1a1c01bbd47fc00a2c39e90264f33305004495a9","hash":"2e65d22836b247fe992e4eb87f361aeb6816280f"}
,"/home/techf/Workspace/hacktiv82/phase 2/W3/D1/IP-HCK82/server/middleware/authorization.js": {"path":"/home/techf/Workspace/hacktiv82/phase 2/W3/D1/IP-HCK82/server/middleware/authorization.js","statementMap":{"0":{"start":{"line":1,"column":17},"end":{"line":1,"column":37}},"1":{"start":{"line":4,"column":2},"end":{"line":12,"column":3}},"2":{"start":{"line":5,"column":4},"end":{"line":9,"column":5}},"3":{"start":{"line":6,"column":6},"end":{"line":6,"column":13}},"4":{"start":{"line":8,"column":6},"end":{"line":8,"column":68}},"5":{"start":{"line":11,"column":4},"end":{"line":11,"column":16}},"6":{"start":{"line":15,"column":0},"end":{"line":15,"column":27}}},"fnMap":{"0":{"name":"adminOnly","decl":{"start":{"line":3,"column":9},"end":{"line":3,"column":18}},"loc":{"start":{"line":3,"column":35},"end":{"line":13,"column":1}},"line":3}},"branchMap":{"0":{"loc":{"start":{"line":5,"column":4},"end":{"line":9,"column":5}},"type":"if","locations":[{"start":{"line":5,"column":4},"end":{"line":9,"column":5}},{"start":{"line":7,"column":11},"end":{"line":9,"column":5}}],"line":5}},"s":{"0":6,"1":0,"2":0,"3":0,"4":0,"5":0,"6":6},"f":{"0":0},"b":{"0":[0,0]},"_coverageSchema":"1a1c01bbd47fc00a2c39e90264f33305004495a9","hash":"c0103169cc149f5d0322f83a488181ac18be3c9f"}
,"/home/techf/Workspace/hacktiv82/phase 2/W3/D1/IP-HCK82/server/middleware/errorHandler.js": {"path":"/home/techf/Workspace/hacktiv82/phase 2/W3/D1/IP-HCK82/server/middleware/errorHandler.js","statementMap":{"0":{"start":{"line":2,"column":4},"end":{"line":2,"column":37}},"1":{"start":{"line":3,"column":4},"end":{"line":3,"column":40}},"2":{"start":{"line":5,"column":4},"end":{"line":7,"column":5}},"3":{"start":{"line":6,"column":8},"end":{"line":6,"column":71}},"4":{"start":{"line":9,"column":4},"end":{"line":11,"column":5}},"5":{"start":{"line":10,"column":8},"end":{"line":10,"column":61}},"6":{"start":{"line":13,"column":4},"end":{"line":15,"column":5}},"7":{"start":{"line":14,"column":8},"end":{"line":14,"column":61}},"8":{"start":{"line":17,"column":4},"end":{"line":19,"column":5}},"9":{"start":{"line":18,"column":8},"end":{"line":18,"column":65}},"10":{"start":{"line":21,"column":4},"end":{"line":23,"column":5}},"11":{"start":{"line":22,"column":8},"end":{"line":22,"column":61}},"12":{"start":{"line":25,"column":4},"end":{"line":27,"column":5}},"13":{"start":{"line":26,"column":8},"end":{"line":26,"column":60}},"14":{"start":{"line":29,"column":4},"end":{"line":29,"column":60}},"15":{"start":{"line":32,"column":0},"end":{"line":32,"column":29}}},"fnMap":{"0":{"name":"errorHandler","decl":{"start":{"line":1,"column":9},"end":{"line":1,"column":21}},"loc":{"start":{"line":1,"column":42},"end":{"line":30,"column":1}},"line":1}},"branchMap":{"0":{"loc":{"start":{"line":5,"column":4},"end":{"line":7,"column":5}},"type":"if","locations":[{"start":{"line":5,"column":4},"end":{"line":7,"column":5}},{"start":{},"end":{}}],"line":5},"1":{"loc":{"start":{"line":5,"column":8},"end":{"line":5,"column":127}},"type":"binary-expr","locations":[{"start":{"line":5,"column":8},"end":{"line":5,"column":47}},{"start":{"line":5,"column":51},"end":{"line":5,"column":96}},{"start":{"line":5,"column":100},"end":{"line":5,"column":127}}],"line":5},"2":{"loc":{"start":{"line":9,"column":4},"end":{"line":11,"column":5}},"type":"if","locations":[{"start":{"line":9,"column":4},"end":{"line":11,"column":5}},{"start":{},"end":{}}],"line":9},"3":{"loc":{"start":{"line":13,"column":4},"end":{"line":15,"column":5}},"type":"if","locations":[{"start":{"line":13,"column":4},"end":{"line":15,"column":5}},{"start":{},"end":{}}],"line":13},"4":{"loc":{"start":{"line":17,"column":4},"end":{"line":19,"column":5}},"type":"if","locations":[{"start":{"line":17,"column":4},"end":{"line":19,"column":5}},{"start":{},"end":{}}],"line":17},"5":{"loc":{"start":{"line":21,"column":4},"end":{"line":23,"column":5}},"type":"if","locations":[{"start":{"line":21,"column":4},"end":{"line":23,"column":5}},{"start":{},"end":{}}],"line":21},"6":{"loc":{"start":{"line":25,"column":4},"end":{"line":27,"column":5}},"type":"if","locations":[{"start":{"line":25,"column":4},"end":{"line":27,"column":5}},{"start":{},"end":{}}],"line":25}},"s":{"0":55,"1":55,"2":55,"3":1,"4":54,"5":3,"6":51,"7":25,"8":26,"9":24,"10":2,"11":0,"12":2,"13":2,"14":0,"15":6},"f":{"0":55},"b":{"0":[1,54],"1":[55,54,54],"2":[3,51],"3":[25,26],"4":[24,2],"5":[0,2],"6":[2,0]},"_coverageSchema":"1a1c01bbd47fc00a2c39e90264f33305004495a9","hash":"d485d8238616cb3a6e4813ccc9c63a51c3596986"}
,"/home/techf/Workspace/hacktiv82/phase 2/W3/D1/IP-HCK82/server/models/cart.js": {"path":"/home/techf/Workspace/hacktiv82/phase 2/W3/D1/IP-HCK82/server/models/cart.js","statementMap":{"0":{"start":{"line":4,"column":4},"end":{"line":4,"column":24}},"1":{"start":{"line":5,"column":0},"end":{"line":38,"column":2}},"2":{"start":{"line":14,"column":6},"end":{"line":14,"column":33}},"3":{"start":{"line":15,"column":6},"end":{"line":15,"column":36}},"4":{"start":{"line":19,"column":2},"end":{"line":36,"column":5}},"5":{"start":{"line":37,"column":2},"end":{"line":37,"column":14}}},"fnMap":{"0":{"name":"(anonymous_0)","decl":{"start":{"line":5,"column":17},"end":{"line":5,"column":18}},"loc":{"start":{"line":5,"column":43},"end":{"line":38,"column":1}},"line":5},"1":{"name":"(anonymous_1)","decl":{"start":{"line":12,"column":4},"end":{"line":12,"column":5}},"loc":{"start":{"line":12,"column":29},"end":{"line":17,"column":5}},"line":12}},"branchMap":{},"s":{"0":6,"1":6,"2":6,"3":6,"4":6,"5":6},"f":{"0":6,"1":6},"b":{},"_coverageSchema":"1a1c01bbd47fc00a2c39e90264f33305004495a9","hash":"99ce04be411129d6e9854850b6ff007a25d499bc"}
,"/home/techf/Workspace/hacktiv82/phase 2/W3/D1/IP-HCK82/server/models/category.js": {"path":"/home/techf/Workspace/hacktiv82/phase 2/W3/D1/IP-HCK82/server/models/category.js","statementMap":{"0":{"start":{"line":4,"column":4},"end":{"line":4,"column":24}},"1":{"start":{"line":5,"column":0},"end":{"line":43,"column":2}},"2":{"start":{"line":14,"column":6},"end":{"line":14,"column":38}},"3":{"start":{"line":17,"column":2},"end":{"line":41,"column":5}},"4":{"start":{"line":42,"column":2},"end":{"line":42,"column":18}}},"fnMap":{"0":{"name":"(anonymous_0)","decl":{"start":{"line":5,"column":17},"end":{"line":5,"column":18}},"loc":{"start":{"line":5,"column":43},"end":{"line":43,"column":1}},"line":5},"1":{"name":"(anonymous_1)","decl":{"start":{"line":12,"column":4},"end":{"line":12,"column":5}},"loc":{"start":{"line":12,"column":29},"end":{"line":15,"column":5}},"line":12}},"branchMap":{},"s":{"0":6,"1":6,"2":6,"3":6,"4":6},"f":{"0":6,"1":6},"b":{},"_coverageSchema":"1a1c01bbd47fc00a2c39e90264f33305004495a9","hash":"a10dc9e38db73f64178d3b9d75ad0701674123f1"}
,"/home/techf/Workspace/hacktiv82/phase 2/W3/D1/IP-HCK82/server/models/index.js": {"path":"/home/techf/Workspace/hacktiv82/phase 2/W3/D1/IP-HCK82/server/models/index.js","statementMap":{"0":{"start":{"line":3,"column":11},"end":{"line":3,"column":24}},"1":{"start":{"line":4,"column":13},"end":{"line":4,"column":28}},"2":{"start":{"line":5,"column":18},"end":{"line":5,"column":38}},"3":{"start":{"line":6,"column":16},"end":{"line":6,"column":34}},"4":{"start":{"line":7,"column":17},"end":{"line":7,"column":42}},"5":{"start":{"line":8,"column":12},"end":{"line":8,"column":49}},"6":{"start":{"line":9,"column":15},"end":{"line":9,"column":65}},"7":{"start":{"line":10,"column":11},"end":{"line":10,"column":13}},"8":{"start":{"line":13,"column":0},"end":{"line":17,"column":1}},"9":{"start":{"line":14,"column":2},"end":{"line":14,"column":74}},"10":{"start":{"line":16,"column":2},"end":{"line":16,"column":87}},"11":{"start":{"line":19,"column":0},"end":{"line":32,"column":5}},"12":{"start":{"line":22,"column":4},"end":{"line":27,"column":6}},"13":{"start":{"line":30,"column":18},"end":{"line":30,"column":85}},"14":{"start":{"line":31,"column":4},"end":{"line":31,"column":27}},"15":{"start":{"line":34,"column":0},"end":{"line":38,"column":3}},"16":{"start":{"line":35,"column":2},"end":{"line":37,"column":3}},"17":{"start":{"line":36,"column":4},"end":{"line":36,"column":32}},"18":{"start":{"line":40,"column":0},"end":{"line":40,"column":25}},"19":{"start":{"line":41,"column":0},"end":{"line":41,"column":25}},"20":{"start":{"line":43,"column":0},"end":{"line":43,"column":20}}},"fnMap":{"0":{"name":"(anonymous_0)","decl":{"start":{"line":21,"column":10},"end":{"line":21,"column":11}},"loc":{"start":{"line":21,"column":18},"end":{"line":28,"column":3}},"line":21},"1":{"name":"(anonymous_1)","decl":{"start":{"line":29,"column":11},"end":{"line":29,"column":12}},"loc":{"start":{"line":29,"column":19},"end":{"line":32,"column":3}},"line":29},"2":{"name":"(anonymous_2)","decl":{"start":{"line":34,"column":24},"end":{"line":34,"column":25}},"loc":{"start":{"line":34,"column":37},"end":{"line":38,"column":1}},"line":34}},"branchMap":{"0":{"loc":{"start":{"line":8,"column":12},"end":{"line":8,"column":49}},"type":"binary-expr","locations":[{"start":{"line":8,"column":12},"end":{"line":8,"column":32}},{"start":{"line":8,"column":36},"end":{"line":8,"column":49}}],"line":8},"1":{"loc":{"start":{"line":13,"column":0},"end":{"line":17,"column":1}},"type":"if","locations":[{"start":{"line":13,"column":0},"end":{"line":17,"column":1}},{"start":{"line":15,"column":7},"end":{"line":17,"column":1}}],"line":13},"2":{"loc":{"start":{"line":23,"column":6},"end":{"line":26,"column":37}},"type":"binary-expr","locations":[{"start":{"line":23,"column":6},"end":{"line":23,"column":29}},{"start":{"line":24,"column":6},"end":{"line":24,"column":23}},{"start":{"line":25,"column":6},"end":{"line":25,"column":30}},{"start":{"line":26,"column":6},"end":{"line":26,"column":37}}],"line":23},"3":{"loc":{"start":{"line":35,"column":2},"end":{"line":37,"column":3}},"type":"if","locations":[{"start":{"line":35,"column":2},"end":{"line":37,"column":3}},{"start":{},"end":{}}],"line":35}},"s":{"0":6,"1":6,"2":6,"3":6,"4":6,"5":6,"6":6,"7":6,"8":6,"9":0,"10":6,"11":6,"12":42,"13":36,"14":36,"15":6,"16":36,"17":36,"18":6,"19":6,"20":6},"f":{"0":42,"1":36,"2":36},"b":{"0":[6,0],"1":[0,6],"2":[42,42,36,36],"3":[36,0]},"_coverageSchema":"1a1c01bbd47fc00a2c39e90264f33305004495a9","hash":"03a4e384d8a0a96b337326d3863646cd89d94d70"}
,"/home/techf/Workspace/hacktiv82/phase 2/W3/D1/IP-HCK82/server/models/order.js": {"path":"/home/techf/Workspace/hacktiv82/phase 2/W3/D1/IP-HCK82/server/models/order.js","statementMap":{"0":{"start":{"line":4,"column":4},"end":{"line":4,"column":24}},"1":{"start":{"line":5,"column":0},"end":{"line":30,"column":2}},"2":{"start":{"line":14,"column":6},"end":{"line":14,"column":34}},"3":{"start":{"line":15,"column":6},"end":{"line":15,"column":37}},"4":{"start":{"line":17,"column":6},"end":{"line":17,"column":72}},"5":{"start":{"line":20,"column":2},"end":{"line":28,"column":5}},"6":{"start":{"line":29,"column":2},"end":{"line":29,"column":15}}},"fnMap":{"0":{"name":"(anonymous_0)","decl":{"start":{"line":5,"column":17},"end":{"line":5,"column":18}},"loc":{"start":{"line":5,"column":43},"end":{"line":30,"column":1}},"line":5},"1":{"name":"(anonymous_1)","decl":{"start":{"line":12,"column":4},"end":{"line":12,"column":5}},"loc":{"start":{"line":12,"column":29},"end":{"line":18,"column":5}},"line":12}},"branchMap":{},"s":{"0":6,"1":6,"2":6,"3":6,"4":6,"5":6,"6":6},"f":{"0":6,"1":6},"b":{},"_coverageSchema":"1a1c01bbd47fc00a2c39e90264f33305004495a9","hash":"dc1cbf82e736061df8757ed328e2a653c3da86d1"}
,"/home/techf/Workspace/hacktiv82/phase 2/W3/D1/IP-HCK82/server/models/orderitem.js": {"path":"/home/techf/Workspace/hacktiv82/phase 2/W3/D1/IP-HCK82/server/models/orderitem.js","statementMap":{"0":{"start":{"line":4,"column":4},"end":{"line":4,"column":24}},"1":{"start":{"line":5,"column":0},"end":{"line":30,"column":2}},"2":{"start":{"line":14,"column":6},"end":{"line":14,"column":39}},"3":{"start":{"line":15,"column":6},"end":{"line":15,"column":41}},"4":{"start":{"line":18,"column":2},"end":{"line":28,"column":5}},"5":{"start":{"line":29,"column":2},"end":{"line":29,"column":19}}},"fnMap":{"0":{"name":"(anonymous_0)","decl":{"start":{"line":5,"column":17},"end":{"line":5,"column":18}},"loc":{"start":{"line":5,"column":43},"end":{"line":30,"column":1}},"line":5},"1":{"name":"(anonymous_1)","decl":{"start":{"line":12,"column":4},"end":{"line":12,"column":5}},"loc":{"start":{"line":12,"column":29},"end":{"line":16,"column":5}},"line":12}},"branchMap":{},"s":{"0":6,"1":6,"2":6,"3":6,"4":6,"5":6},"f":{"0":6,"1":6},"b":{},"_coverageSchema":"1a1c01bbd47fc00a2c39e90264f33305004495a9","hash":"61ca7415f1b423c1a118ecb5eb3d68dae87556d9"}
,"/home/techf/Workspace/hacktiv82/phase 2/W3/D1/IP-HCK82/server/models/product.js": {"path":"/home/techf/Workspace/hacktiv82/phase 2/W3/D1/IP-HCK82/server/models/product.js","statementMap":{"0":{"start":{"line":4,"column":4},"end":{"line":4,"column":24}},"1":{"start":{"line":5,"column":0},"end":{"line":106,"column":2}},"2":{"start":{"line":14,"column":6},"end":{"line":14,"column":40}},"3":{"start":{"line":15,"column":6},"end":{"line":15,"column":39}},"4":{"start":{"line":16,"column":6},"end":{"line":16,"column":34}},"5":{"start":{"line":18,"column":6},"end":{"line":18,"column":72}},"6":{"start":{"line":21,"column":2},"end":{"line":104,"column":5}},"7":{"start":{"line":105,"column":2},"end":{"line":105,"column":17}}},"fnMap":{"0":{"name":"(anonymous_0)","decl":{"start":{"line":5,"column":17},"end":{"line":5,"column":18}},"loc":{"start":{"line":5,"column":43},"end":{"line":106,"column":1}},"line":5},"1":{"name":"(anonymous_1)","decl":{"start":{"line":12,"column":4},"end":{"line":12,"column":5}},"loc":{"start":{"line":12,"column":29},"end":{"line":19,"column":5}},"line":12}},"branchMap":{},"s":{"0":6,"1":6,"2":6,"3":6,"4":6,"5":6,"6":6,"7":6},"f":{"0":6,"1":6},"b":{},"_coverageSchema":"1a1c01bbd47fc00a2c39e90264f33305004495a9","hash":"4766f541b5944e4b3e978c3202662f1cbef0d883"}
,"/home/techf/Workspace/hacktiv82/phase 2/W3/D1/IP-HCK82/server/models/user.js": {"path":"/home/techf/Workspace/hacktiv82/phase 2/W3/D1/IP-HCK82/server/models/user.js","statementMap":{"0":{"start":{"line":4,"column":4},"end":{"line":4,"column":24}},"1":{"start":{"line":5,"column":25},"end":{"line":5,"column":55}},"2":{"start":{"line":6,"column":0},"end":{"line":93,"column":2}},"3":{"start":{"line":15,"column":6},"end":{"line":15,"column":32}},"4":{"start":{"line":16,"column":6},"end":{"line":16,"column":31}},"5":{"start":{"line":19,"column":2},"end":{"line":88,"column":5}},"6":{"start":{"line":76,"column":10},"end":{"line":81,"column":11}},"7":{"start":{"line":77,"column":25},"end":{"line":77,"column":58}},"8":{"start":{"line":78,"column":12},"end":{"line":80,"column":13}},"9":{"start":{"line":79,"column":14},"end":{"line":79,"column":64}},"10":{"start":{"line":89,"column":2},"end":{"line":91,"column":4}},"11":{"start":{"line":90,"column":4},"end":{"line":90,"column":45}},"12":{"start":{"line":92,"column":2},"end":{"line":92,"column":14}}},"fnMap":{"0":{"name":"(anonymous_0)","decl":{"start":{"line":6,"column":17},"end":{"line":6,"column":18}},"loc":{"start":{"line":6,"column":43},"end":{"line":93,"column":1}},"line":6},"1":{"name":"(anonymous_1)","decl":{"start":{"line":13,"column":4},"end":{"line":13,"column":5}},"loc":{"start":{"line":13,"column":29},"end":{"line":17,"column":5}},"line":13},"2":{"name":"(anonymous_2)","decl":{"start":{"line":75,"column":8},"end":{"line":75,"column":9}},"loc":{"start":{"line":75,"column":34},"end":{"line":82,"column":9}},"line":75},"3":{"name":"(anonymous_3)","decl":{"start":{"line":89,"column":20},"end":{"line":89,"column":21}},"loc":{"start":{"line":89,"column":25},"end":{"line":91,"column":3}},"line":89}},"branchMap":{"0":{"loc":{"start":{"line":76,"column":10},"end":{"line":81,"column":11}},"type":"if","locations":[{"start":{"line":76,"column":10},"end":{"line":81,"column":11}},{"start":{},"end":{}}],"line":76},"1":{"loc":{"start":{"line":78,"column":12},"end":{"line":80,"column":13}},"type":"if","locations":[{"start":{"line":78,"column":12},"end":{"line":80,"column":13}},{"start":{},"end":{}}],"line":78}},"s":{"0":6,"1":6,"2":6,"3":6,"4":6,"5":6,"6":3,"7":3,"8":3,"9":0,"10":6,"11":2,"12":6},"f":{"0":6,"1":6,"2":3,"3":2},"b":{"0":[3,0],"1":[0,3]},"_coverageSchema":"1a1c01bbd47fc00a2c39e90264f33305004495a9","hash":"28cc919aadeed720a5c6f4daa826cc53c7a0d9ac"}
,"/home/techf/Workspace/hacktiv82/phase 2/W3/D1/IP-HCK82/server/routers/admin.js": {"path":"/home/techf/Workspace/hacktiv82/phase 2/W3/D1/IP-HCK82/server/routers/admin.js","statementMap":{"0":{"start":{"line":1,"column":16},"end":{"line":1,"column":34}},"1":{"start":{"line":2,"column":25},"end":{"line":2,"column":67}},"2":{"start":{"line":3,"column":24},"end":{"line":3,"column":65}},"3":{"start":{"line":4,"column":26},"end":{"line":4,"column":69}},"4":{"start":{"line":5,"column":27},"end":{"line":5,"column":71}},"5":{"start":{"line":6,"column":14},"end":{"line":6,"column":30}},"6":{"start":{"line":8,"column":0},"end":{"line":8,"column":44}},"7":{"start":{"line":11,"column":0},"end":{"line":11,"column":56}},"8":{"start":{"line":12,"column":0},"end":{"line":12,"column":56}},"9":{"start":{"line":13,"column":0},"end":{"line":13,"column":59}},"10":{"start":{"line":14,"column":0},"end":{"line":14,"column":62}},"11":{"start":{"line":17,"column":0},"end":{"line":17,"column":60}},"12":{"start":{"line":18,"column":0},"end":{"line":18,"column":61}},"13":{"start":{"line":19,"column":0},"end":{"line":19,"column":63}},"14":{"start":{"line":22,"column":0},"end":{"line":22,"column":48}},"15":{"start":{"line":25,"column":0},"end":{"line":25,"column":47}},"16":{"start":{"line":26,"column":0},"end":{"line":26,"column":48}},"17":{"start":{"line":29,"column":0},"end":{"line":29,"column":22}}},"fnMap":{},"branchMap":{},"s":{"0":6,"1":6,"2":6,"3":6,"4":6,"5":6,"6":6,"7":6,"8":6,"9":6,"10":6,"11":6,"12":6,"13":6,"14":6,"15":6,"16":6,"17":6},"f":{},"b":{},"_coverageSchema":"1a1c01bbd47fc00a2c39e90264f33305004495a9","hash":"240ab1369f6a03799da1a3cc67ceb5090cb861be"}
,"/home/techf/Workspace/hacktiv82/phase 2/W3/D1/IP-HCK82/server/routers/index.js": {"path":"/home/techf/Workspace/hacktiv82/phase 2/W3/D1/IP-HCK82/server/routers/index.js","statementMap":{"0":{"start":{"line":1,"column":16},"end":{"line":1,"column":34}},"1":{"start":{"line":2,"column":21},"end":{"line":2,"column":40}},"2":{"start":{"line":3,"column":14},"end":{"line":3,"column":32}},"3":{"start":{"line":4,"column":24},"end":{"line":4,"column":65}},"4":{"start":{"line":5,"column":23},"end":{"line":5,"column":62}},"5":{"start":{"line":6,"column":18},"end":{"line":6,"column":56}},"6":{"start":{"line":7,"column":15},"end":{"line":7,"column":31}},"7":{"start":{"line":9,"column":0},"end":{"line":9,"column":50}},"8":{"start":{"line":10,"column":0},"end":{"line":10,"column":55}},"9":{"start":{"line":12,"column":0},"end":{"line":12,"column":29}},"10":{"start":{"line":15,"column":0},"end":{"line":15,"column":23}}},"fnMap":{},"branchMap":{},"s":{"0":6,"1":6,"2":6,"3":6,"4":6,"5":6,"6":6,"7":6,"8":6,"9":6,"10":6},"f":{},"b":{},"_coverageSchema":"1a1c01bbd47fc00a2c39e90264f33305004495a9","hash":"eb1ade277d5f15ed43bd183d76deb78e24a7f970"}
,"/home/techf/Workspace/hacktiv82/phase 2/W3/D1/IP-HCK82/server/routers/public.js": {"path":"/home/techf/Workspace/hacktiv82/phase 2/W3/D1/IP-HCK82/server/routers/public.js","statementMap":{"0":{"start":{"line":1,"column":16},"end":{"line":1,"column":34}},"1":{"start":{"line":2,"column":25},"end":{"line":2,"column":67}},"2":{"start":{"line":3,"column":26},"end":{"line":3,"column":69}},"3":{"start":{"line":4,"column":27},"end":{"line":4,"column":71}},"4":{"start":{"line":5,"column":24},"end":{"line":5,"column":65}},"5":{"start":{"line":6,"column":23},"end":{"line":6,"column":62}},"6":{"start":{"line":7,"column":23},"end":{"line":7,"column":63}},"7":{"start":{"line":8,"column":21},"end":{"line":8,"column":37}},"8":{"start":{"line":10,"column":0},"end":{"line":10,"column":51}},"9":{"start":{"line":11,"column":0},"end":{"line":11,"column":51}},"10":{"start":{"line":12,"column":0},"end":{"line":12,"column":57}},"11":{"start":{"line":14,"column":0},"end":{"line":14,"column":63}},"12":{"start":{"line":16,"column":0},"end":{"line":16,"column":67}},"13":{"start":{"line":17,"column":0},"end":{"line":17,"column":80}},"14":{"start":{"line":18,"column":0},"end":{"line":18,"column":84}},"15":{"start":{"line":20,"column":0},"end":{"line":20,"column":65}},"16":{"start":{"line":21,"column":0},"end":{"line":21,"column":86}},"17":{"start":{"line":23,"column":0},"end":{"line":23,"column":68}},"18":{"start":{"line":25,"column":0},"end":{"line":25,"column":73}},"19":{"start":{"line":26,"column":0},"end":{"line":26,"column":83}},"20":{"start":{"line":28,"column":0},"end":{"line":28,"column":73}},"21":{"start":{"line":30,"column":0},"end":{"line":30,"column":73}},"22":{"start":{"line":32,"column":0},"end":{"line":32,"column":29}}},"fnMap":{},"branchMap":{},"s":{"0":6,"1":6,"2":6,"3":6,"4":6,"5":6,"6":6,"7":6,"8":6,"9":6,"10":6,"11":6,"12":6,"13":6,"14":6,"15":6,"16":6,"17":6,"18":6,"19":6,"20":6,"21":6,"22":6},"f":{},"b":{},"_coverageSchema":"1a1c01bbd47fc00a2c39e90264f33305004495a9","hash":"77adfa8b7ca96c2a11b824429ca8149ae8ae85af"}
}
