TN:
SF:app.js
FNF:0
FNH:0
DA:1,5
DA:2,5
DA:6,5
DA:7,5
DA:8,5
DA:9,5
DA:11,5
DA:12,5
DA:13,5
DA:15,5
DA:17,5
DA:19,5
LF:12
LH:12
BRDA:1,0,0,5
BRDA:1,0,1,0
BRF:2
BRH:1
end_of_record
TN:
SF:controllers/AdminController.js
FN:6,(anonymous_0)
FN:13,(anonymous_1)
FN:35,(anonymous_2)
FN:51,(anonymous_3)
FN:66,(anonymous_4)
FNF:5
FNH:5
FNDA:1,(anonymous_0)
FNDA:5,(anonymous_1)
FNDA:1,(anonymous_2)
FNDA:1,(anonymous_3)
FNDA:1,(anonymous_4)
DA:1,5
DA:2,5
DA:3,5
DA:7,1
DA:8,1
DA:10,0
DA:14,5
DA:15,5
DA:16,5
DA:17,0
DA:19,5
DA:20,5
DA:21,0
DA:24,5
DA:25,5
DA:26,1
DA:29,4
DA:30,4
DA:32,1
DA:36,1
DA:37,1
DA:43,1
DA:44,0
DA:46,1
DA:48,0
DA:52,1
DA:53,1
DA:58,1
DA:59,0
DA:61,1
DA:63,0
DA:67,1
DA:68,1
DA:69,1
DA:70,1
DA:71,0
DA:73,1
DA:74,1
DA:75,1
DA:76,1
DA:78,0
DA:85,5
LF:42
LH:33
BRDA:16,0,0,0
BRDA:16,0,1,5
BRDA:16,1,0,5
BRDA:16,1,1,5
BRDA:20,2,0,0
BRDA:20,2,1,5
BRDA:25,3,0,1
BRDA:25,3,1,4
BRDA:43,4,0,0
BRDA:43,4,1,1
BRDA:58,5,0,0
BRDA:58,5,1,1
BRDA:70,6,0,0
BRDA:70,6,1,1
BRF:14
BRH:9
end_of_record
TN:
SF:controllers/CategoryController.js
FN:5,(anonymous_0)
FN:13,(anonymous_1)
FN:21,(anonymous_2)
FNF:3
FNH:3
FNDA:4,(anonymous_0)
FNDA:1,(anonymous_1)
FNDA:2,(anonymous_2)
DA:1,5
DA:6,4
DA:7,4
DA:8,2
DA:10,2
DA:14,1
DA:15,1
DA:16,1
DA:18,0
DA:22,2
DA:23,2
DA:24,2
DA:25,2
DA:26,1
DA:28,1
DA:29,1
DA:31,1
DA:36,5
LF:18
LH:17
BRDA:25,0,0,1
BRDA:25,0,1,1
BRF:2
BRH:2
end_of_record
TN:
SF:controllers/OrderController.js
FN:5,(anonymous_0)
FNF:1
FNH:1
FNDA:3,(anonymous_0)
DA:1,5
DA:2,5
DA:6,3
DA:7,3
DA:9,3
DA:11,3
DA:12,3
DA:13,5
DA:14,5
DA:15,1
DA:17,4
DA:21,2
DA:28,2
DA:29,2
DA:30,4
DA:31,4
DA:34,4
DA:42,4
DA:45,2
DA:47,1
DA:52,5
LF:21
LH:21
BRDA:14,0,0,1
BRDA:14,0,1,4
BRF:2
BRH:2
end_of_record
TN:
SF:controllers/ProductController.js
FN:5,(anonymous_0)
FN:13,(anonymous_1)
FN:26,(anonymous_2)
FN:43,(anonymous_3)
FN:67,(anonymous_4)
FN:80,(anonymous_5)
FNF:6
FNH:6
FNDA:3,(anonymous_0)
FNDA:1,(anonymous_1)
FNDA:5,(anonymous_2)
FNDA:2,(anonymous_3)
FNDA:2,(anonymous_4)
FNDA:2,(anonymous_5)
DA:1,5
DA:2,5
DA:6,3
DA:7,3
DA:8,2
DA:10,1
DA:14,1
DA:15,1
DA:21,1
DA:23,0
DA:27,5
DA:28,5
DA:29,5
DA:35,5
DA:36,2
DA:38,3
DA:40,2
DA:44,2
DA:45,2
DA:46,2
DA:58,2
DA:59,1
DA:61,1
DA:64,1
DA:68,2
DA:69,2
DA:70,2
DA:71,2
DA:72,1
DA:74,1
DA:75,1
DA:77,1
DA:81,2
DA:82,2
DA:83,2
DA:84,2
DA:85,1
DA:87,1
DA:88,1
DA:90,1
DA:95,5
LF:41
LH:40
BRDA:35,0,0,2
BRDA:35,0,1,3
BRDA:58,1,0,1
BRDA:58,1,1,1
BRDA:71,2,0,1
BRDA:71,2,1,1
BRDA:84,3,0,1
BRDA:84,3,1,1
BRF:8
BRH:8
end_of_record
TN:
SF:controllers/PublicController.js
FN:8,(anonymous_0)
FN:15,(anonymous_1)
FN:42,(anonymous_2)
FNF:3
FNH:2
FNDA:0,(anonymous_0)
FNDA:7,(anonymous_1)
FNDA:3,(anonymous_2)
DA:1,5
DA:2,5
DA:3,5
DA:4,5
DA:9,0
DA:10,0
DA:12,0
DA:16,7
DA:17,7
DA:18,7
DA:19,1
DA:21,6
DA:27,6
DA:28,1
DA:31,5
DA:32,5
DA:33,1
DA:36,4
DA:37,4
DA:39,3
DA:43,3
DA:45,3
DA:47,1
DA:48,1
DA:50,1
DA:52,2
DA:57,5
LF:27
LH:24
BRDA:18,0,0,1
BRDA:18,0,1,6
BRDA:18,1,0,7
BRDA:18,1,1,7
BRDA:27,2,0,1
BRDA:27,2,1,5
BRDA:32,3,0,1
BRDA:32,3,1,4
BRF:8
BRH:8
end_of_record
TN:
SF:helpers/bcryptjs.js
FN:3,(anonymous_0)
FN:8,(anonymous_1)
FNF:2
FNH:2
FNDA:12,(anonymous_0)
FNDA:10,(anonymous_1)
DA:1,5
DA:3,5
DA:4,12
DA:5,12
DA:8,5
DA:9,10
DA:12,5
LF:7
LH:7
BRF:0
BRH:0
end_of_record
TN:
SF:helpers/jest.js
FN:7,(anonymous_0)
FN:40,(anonymous_1)
FN:42,(anonymous_2)
FN:49,(anonymous_3)
FN:55,(anonymous_4)
FN:66,(anonymous_5)
FNF:6
FNH:6
FNDA:10,(anonymous_0)
FNDA:5,(anonymous_1)
FNDA:10,(anonymous_2)
FNDA:25,(anonymous_3)
FNDA:50,(anonymous_4)
FNDA:6,(anonymous_5)
DA:1,5
DA:2,5
DA:3,5
DA:4,5
DA:7,5
DA:8,10
DA:9,10
DA:14,10
DA:19,10
DA:24,10
DA:29,10
DA:35,0
DA:40,5
DA:41,5
DA:42,5
DA:43,10
DA:44,10
DA:45,10
DA:47,5
DA:49,5
DA:50,25
DA:51,25
DA:53,5
DA:55,5
DA:56,50
DA:57,50
DA:59,5
DA:61,0
DA:66,5
DA:67,6
DA:68,6
DA:72,6
DA:75,5
LF:33
LH:31
BRDA:66,0,0,3
BRDA:67,1,0,3
BRDA:67,1,1,3
BRF:3
BRH:3
end_of_record
TN:
SF:helpers/jwt.js
FN:4,(anonymous_0)
FN:8,(anonymous_1)
FNF:2
FNH:2
FNDA:11,(anonymous_0)
FNDA:24,(anonymous_1)
DA:1,5
DA:2,5
DA:4,5
DA:5,11
DA:8,5
DA:9,24
DA:12,5
LF:7
LH:7
BRF:0
BRH:0
end_of_record
TN:
SF:middleware/authentication.js
FN:4,authentication
FNF:1
FNH:1
FNDA:30,authentication
DA:1,5
DA:2,5
DA:5,30
DA:6,30
DA:8,30
DA:9,6
DA:12,24
DA:13,24
DA:14,24
DA:16,24
DA:17,0
DA:20,24
DA:22,24
DA:24,24
DA:25,2
DA:28,22
DA:33,22
DA:35,8
DA:39,5
LF:19
LH:18
BRDA:8,0,0,6
BRDA:8,0,1,24
BRDA:16,1,0,0
BRDA:16,1,1,24
BRDA:16,2,0,24
BRDA:16,2,1,24
BRDA:24,3,0,2
BRDA:24,3,1,22
BRF:8
BRH:7
end_of_record
TN:
SF:middleware/authorization.js
FN:3,adminOnly
FNF:1
FNH:1
FNDA:19,adminOnly
DA:1,5
DA:4,19
DA:5,19
DA:6,17
DA:8,2
DA:11,2
DA:15,5
LF:7
LH:7
BRDA:5,0,0,17
BRDA:5,0,1,2
BRF:2
BRH:2
end_of_record
TN:
SF:middleware/errorHandler.js
FN:1,errorHandler
FNF:1
FNH:1
FNDA:26,errorHandler
DA:5,26
DA:6,5
DA:9,21
DA:10,1
DA:13,20
DA:14,9
DA:17,11
DA:18,0
DA:21,11
DA:22,2
DA:25,9
DA:26,7
DA:29,2
DA:32,5
LF:14
LH:13
BRDA:5,0,0,5
BRDA:5,0,1,21
BRDA:5,1,0,26
BRDA:5,1,1,23
BRDA:5,1,2,21
BRDA:9,2,0,1
BRDA:9,2,1,20
BRDA:13,3,0,9
BRDA:13,3,1,11
BRDA:17,4,0,0
BRDA:17,4,1,11
BRDA:21,5,0,2
BRDA:21,5,1,9
BRDA:25,6,0,7
BRDA:25,6,1,2
BRF:15
BRH:14
end_of_record
TN:
SF:models/category.js
FN:5,(anonymous_0)
FN:12,(anonymous_1)
FNF:2
FNH:2
FNDA:5,(anonymous_0)
FNDA:5,(anonymous_1)
DA:4,5
DA:5,5
DA:14,5
DA:17,5
DA:42,5
LF:5
LH:5
BRF:0
BRH:0
end_of_record
TN:
SF:models/index.js
FN:21,(anonymous_0)
FN:29,(anonymous_1)
FN:34,(anonymous_2)
FNF:3
FNH:3
FNDA:30,(anonymous_0)
FNDA:25,(anonymous_1)
FNDA:25,(anonymous_2)
DA:3,5
DA:4,5
DA:5,5
DA:6,5
DA:7,5
DA:8,5
DA:9,5
DA:10,5
DA:13,5
DA:14,0
DA:16,5
DA:19,5
DA:22,30
DA:30,25
DA:31,25
DA:34,5
DA:35,25
DA:36,25
DA:40,5
DA:41,5
DA:43,5
LF:21
LH:20
BRDA:8,0,0,5
BRDA:8,0,1,0
BRDA:13,1,0,0
BRDA:13,1,1,5
BRDA:23,2,0,30
BRDA:23,2,1,30
BRDA:23,2,2,25
BRDA:23,2,3,25
BRDA:35,3,0,25
BRDA:35,3,1,0
BRF:10
BRH:7
end_of_record
TN:
SF:models/order.js
FN:5,(anonymous_0)
FN:12,(anonymous_1)
FNF:2
FNH:2
FNDA:5,(anonymous_0)
FNDA:5,(anonymous_1)
DA:4,5
DA:5,5
DA:14,5
DA:15,5
DA:17,5
DA:20,5
DA:29,5
LF:7
LH:7
BRF:0
BRH:0
end_of_record
TN:
SF:models/orderitem.js
FN:5,(anonymous_0)
FN:12,(anonymous_1)
FNF:2
FNH:2
FNDA:5,(anonymous_0)
FNDA:5,(anonymous_1)
DA:4,5
DA:5,5
DA:14,5
DA:15,5
DA:18,5
DA:29,5
LF:6
LH:6
BRF:0
BRH:0
end_of_record
TN:
SF:models/product.js
FN:5,(anonymous_0)
FN:12,(anonymous_1)
FNF:2
FNH:2
FNDA:5,(anonymous_0)
FNDA:5,(anonymous_1)
DA:4,5
DA:5,5
DA:14,5
DA:15,5
DA:17,5
DA:20,5
DA:104,5
LF:7
LH:7
BRF:0
BRH:0
end_of_record
TN:
SF:models/user.js
FN:6,(anonymous_0)
FN:13,(anonymous_1)
FN:71,(anonymous_2)
FN:85,(anonymous_3)
FNF:4
FNH:4
FNDA:5,(anonymous_0)
FNDA:5,(anonymous_1)
FNDA:4,(anonymous_2)
FNDA:2,(anonymous_3)
DA:4,5
DA:5,5
DA:6,5
DA:15,5
DA:18,5
DA:72,4
DA:73,4
DA:74,4
DA:75,0
DA:85,5
DA:86,2
DA:88,5
LF:12
LH:11
BRDA:72,0,0,4
BRDA:72,0,1,0
BRDA:74,1,0,0
BRDA:74,1,1,4
BRF:4
BRH:2
end_of_record
TN:
SF:routers/admin.js
FNF:0
FNH:0
DA:1,5
DA:2,5
DA:3,5
DA:4,5
DA:5,5
DA:6,5
DA:8,5
DA:11,5
DA:12,5
DA:13,5
DA:14,5
DA:17,5
DA:18,5
DA:19,5
DA:22,5
DA:25,5
DA:26,5
DA:29,5
LF:18
LH:18
BRF:0
BRH:0
end_of_record
TN:
SF:routers/index.js
FNF:0
FNH:0
DA:1,5
DA:2,5
DA:3,5
DA:4,5
DA:5,5
DA:6,5
DA:7,5
DA:9,5
DA:10,5
DA:12,5
DA:15,5
LF:11
LH:11
BRF:0
BRH:0
end_of_record
TN:
SF:routers/public.js
FNF:0
FNH:0
DA:1,5
DA:2,5
DA:3,5
DA:4,5
DA:5,5
DA:6,5
DA:7,5
DA:9,5
DA:10,5
DA:11,5
DA:13,5
DA:14,5
DA:15,5
DA:17,5
DA:19,5
DA:21,5
LF:16
LH:16
BRF:0
BRH:0
end_of_record
