TN:
SF:app.js
FNF:0
FNH:0
DA:1,6
DA:2,6
DA:6,6
DA:7,6
DA:9,6
DA:10,6
DA:12,6
DA:13,6
DA:14,6
DA:16,6
DA:18,6
DA:20,6
LF:12
LH:12
BRDA:1,0,0,6
BRDA:1,0,1,0
BRF:2
BRH:1
end_of_record
TN:
SF:controllers/CartController.js
FN:4,(anonymous_0)
FN:18,(anonymous_1)
FN:53,(anonymous_2)
FNF:3
FNH:0
FNDA:0,(anonymous_0)
FNDA:0,(anonymous_1)
FNDA:0,(anonymous_2)
DA:1,6
DA:5,0
DA:6,0
DA:7,0
DA:12,0
DA:15,0
DA:19,0
DA:20,0
DA:22,0
DA:23,0
DA:24,0
DA:26,0
DA:27,0
DA:29,0
DA:30,0
DA:36,0
DA:37,0
DA:38,0
DA:39,0
DA:41,0
DA:45,0
DA:49,0
DA:50,0
DA:54,0
DA:55,0
DA:56,0
DA:57,0
DA:64,0
DA:65,0
DA:68,0
DA:70,0
DA:71,0
DA:74,0
DA:75,0
DA:78,0
DA:83,6
LF:36
LH:2
BRDA:23,0,0,0
BRDA:23,0,1,0
BRDA:26,1,0,0
BRDA:26,1,1,0
BRDA:36,2,0,0
BRDA:36,2,1,0
BRDA:64,3,0,0
BRDA:64,3,1,0
BRDA:70,4,0,0
BRDA:70,4,1,0
BRF:10
BRH:0
end_of_record
TN:
SF:controllers/CategoryController.js
FN:13,(anonymous_0)
FNF:1
FNH:1
FNDA:1,(anonymous_0)
DA:1,6
DA:14,1
DA:15,1
DA:16,1
DA:18,0
DA:36,6
LF:6
LH:5
BRF:0
BRH:0
end_of_record
TN:
SF:controllers/ProductController.js
FN:5,(anonymous_0)
FN:13,(anonymous_1)
FN:34,(anonymous_2)
FN:51,(anonymous_3)
FN:75,(anonymous_4)
FN:88,(anonymous_5)
FNF:6
FNH:3
FNDA:0,(anonymous_0)
FNDA:2,(anonymous_1)
FNDA:2,(anonymous_2)
FNDA:2,(anonymous_3)
FNDA:0,(anonymous_4)
FNDA:0,(anonymous_5)
DA:1,6
DA:2,6
DA:6,0
DA:7,0
DA:8,0
DA:10,0
DA:14,2
DA:15,2
DA:16,2
DA:17,2
DA:18,1
DA:22,2
DA:29,2
DA:31,0
DA:35,2
DA:36,2
DA:37,2
DA:43,2
DA:44,1
DA:46,1
DA:48,1
DA:52,2
DA:53,2
DA:54,2
DA:66,2
DA:67,1
DA:69,1
DA:72,1
DA:76,0
DA:77,0
DA:78,0
DA:79,0
DA:80,0
DA:82,0
DA:83,0
DA:85,0
DA:89,0
DA:90,0
DA:91,0
DA:92,0
DA:93,0
DA:95,0
DA:96,0
DA:98,0
DA:103,6
LF:45
LH:24
BRDA:17,0,0,1
BRDA:17,0,1,1
BRDA:43,1,0,1
BRDA:43,1,1,1
BRDA:66,2,0,1
BRDA:66,2,1,1
BRDA:79,3,0,0
BRDA:79,3,1,0
BRDA:92,4,0,0
BRDA:92,4,1,0
BRF:10
BRH:6
end_of_record
TN:
SF:controllers/PublicController.js
FN:11,(anonymous_0)
FN:18,(anonymous_1)
FN:46,(anonymous_2)
FN:59,(anonymous_3)
FN:71,(anonymous_4)
FN:86,(anonymous_5)
FN:122,(anonymous_6)
FNF:7
FNH:4
FNDA:1,(anonymous_0)
FNDA:10,(anonymous_1)
FNDA:3,(anonymous_2)
FNDA:0,(anonymous_3)
FNDA:0,(anonymous_4)
FNDA:2,(anonymous_5)
FNDA:0,(anonymous_6)
DA:1,6
DA:2,6
DA:3,6
DA:4,6
DA:5,6
DA:6,6
DA:7,6
DA:12,1
DA:13,1
DA:15,0
DA:19,10
DA:20,10
DA:21,10
DA:22,10
DA:23,1
DA:25,9
DA:31,9
DA:32,9
DA:35,0
DA:36,0
DA:37,0
DA:40,0
DA:41,0
DA:43,10
DA:47,3
DA:49,3
DA:51,2
DA:52,2
DA:54,2
DA:56,1
DA:60,0
DA:61,0
DA:62,0
DA:63,0
DA:64,0
DA:66,0
DA:68,0
DA:72,0
DA:73,0
DA:74,0
DA:75,0
DA:76,0
DA:79,0
DA:80,0
DA:82,0
DA:87,2
DA:88,2
DA:90,2
DA:91,1
DA:96,1
DA:110,1
DA:112,1
DA:118,1
DA:123,0
DA:124,0
DA:126,0
DA:127,0
DA:130,0
DA:135,0
DA:138,0
DA:144,0
DA:146,0
DA:155,0
DA:156,0
DA:158,0
DA:163,6
LF:66
LH:33
BRDA:22,0,0,1
BRDA:22,0,1,9
BRDA:22,1,0,10
BRDA:22,1,1,9
BRDA:31,2,0,9
BRDA:31,2,1,0
BRDA:36,3,0,0
BRDA:36,3,1,0
BRDA:63,4,0,0
BRDA:63,4,1,0
BRDA:75,5,0,0
BRDA:75,5,1,0
BRDA:90,6,0,1
BRDA:90,6,1,1
BRDA:126,7,0,0
BRDA:126,7,1,0
BRDA:144,8,0,0
BRDA:144,8,1,0
BRF:18
BRH:7
end_of_record
TN:
SF:helpers/bcryptjs.js
FN:3,(anonymous_0)
FN:8,(anonymous_1)
FNF:2
FNH:1
FNDA:14,(anonymous_0)
FNDA:0,(anonymous_1)
DA:1,6
DA:3,6
DA:4,14
DA:5,14
DA:8,6
DA:9,0
DA:12,6
LF:7
LH:6
BRF:0
BRH:0
end_of_record
TN:
SF:helpers/genai.js
FN:5,genai
FNF:1
FNH:1
FNDA:1,genai
DA:1,6
DA:3,6
DA:6,1
DA:11,1
DA:45,6
LF:5
LH:5
BRF:0
BRH:0
end_of_record
TN:
SF:helpers/jest.js
FN:7,(anonymous_0)
FN:40,(anonymous_1)
FN:42,(anonymous_2)
FN:49,(anonymous_3)
FN:55,(anonymous_4)
FN:66,(anonymous_5)
FNF:6
FNH:6
FNDA:12,(anonymous_0)
FNDA:6,(anonymous_1)
FNDA:12,(anonymous_2)
FNDA:30,(anonymous_3)
FNDA:60,(anonymous_4)
FNDA:9,(anonymous_5)
DA:1,6
DA:2,6
DA:3,6
DA:4,6
DA:7,6
DA:8,12
DA:9,12
DA:14,12
DA:19,12
DA:24,12
DA:29,12
DA:35,0
DA:40,6
DA:41,6
DA:42,6
DA:43,12
DA:44,12
DA:45,12
DA:47,6
DA:49,6
DA:50,30
DA:51,30
DA:53,6
DA:55,6
DA:56,60
DA:57,60
DA:59,6
DA:61,0
DA:66,6
DA:67,9
DA:68,9
DA:72,9
DA:75,6
LF:33
LH:31
BRDA:66,0,0,0
BRDA:67,1,0,3
BRDA:67,1,1,6
BRF:3
BRH:2
end_of_record
TN:
SF:helpers/jwt.js
FN:4,(anonymous_0)
FN:8,(anonymous_1)
FNF:2
FNH:1
FNDA:0,(anonymous_0)
FNDA:13,(anonymous_1)
DA:1,6
DA:2,6
DA:4,6
DA:5,0
DA:8,6
DA:9,13
DA:12,6
LF:7
LH:6
BRF:0
BRH:0
end_of_record
TN:
SF:middleware/authentication.js
FN:4,authentication
FNF:1
FNH:1
FNDA:18,authentication
DA:1,6
DA:2,6
DA:5,18
DA:6,18
DA:8,18
DA:9,5
DA:12,13
DA:13,13
DA:14,13
DA:16,13
DA:17,0
DA:20,13
DA:22,0
DA:24,0
DA:25,0
DA:28,0
DA:33,0
DA:35,18
DA:39,6
LF:19
LH:13
BRDA:8,0,0,5
BRDA:8,0,1,13
BRDA:16,1,0,0
BRDA:16,1,1,13
BRDA:16,2,0,13
BRDA:16,2,1,13
BRDA:24,3,0,0
BRDA:24,3,1,0
BRF:8
BRH:5
end_of_record
TN:
SF:middleware/errorHandler.js
FN:1,errorHandler
FNF:1
FNH:1
FNDA:32,errorHandler
DA:5,32
DA:6,1
DA:9,31
DA:10,2
DA:13,29
DA:14,14
DA:17,15
DA:18,13
DA:21,2
DA:22,0
DA:25,2
DA:26,2
DA:29,0
DA:32,6
LF:14
LH:12
BRDA:5,0,0,1
BRDA:5,0,1,31
BRDA:5,1,0,32
BRDA:5,1,1,31
BRDA:5,1,2,31
BRDA:9,2,0,2
BRDA:9,2,1,29
BRDA:13,3,0,14
BRDA:13,3,1,15
BRDA:17,4,0,13
BRDA:17,4,1,2
BRDA:21,5,0,0
BRDA:21,5,1,2
BRDA:25,6,0,2
BRDA:25,6,1,0
BRF:15
BRH:13
end_of_record
TN:
SF:models/cart.js
FN:5,(anonymous_0)
FN:12,(anonymous_1)
FNF:2
FNH:2
FNDA:6,(anonymous_0)
FNDA:6,(anonymous_1)
DA:4,6
DA:5,6
DA:14,6
DA:15,6
DA:19,6
DA:37,6
LF:6
LH:6
BRF:0
BRH:0
end_of_record
TN:
SF:models/category.js
FN:5,(anonymous_0)
FN:12,(anonymous_1)
FNF:2
FNH:2
FNDA:6,(anonymous_0)
FNDA:6,(anonymous_1)
DA:4,6
DA:5,6
DA:14,6
DA:17,6
DA:42,6
LF:5
LH:5
BRF:0
BRH:0
end_of_record
TN:
SF:models/index.js
FN:21,(anonymous_0)
FN:29,(anonymous_1)
FN:34,(anonymous_2)
FNF:3
FNH:3
FNDA:42,(anonymous_0)
FNDA:36,(anonymous_1)
FNDA:36,(anonymous_2)
DA:3,6
DA:4,6
DA:5,6
DA:6,6
DA:7,6
DA:8,6
DA:9,6
DA:10,6
DA:13,6
DA:14,0
DA:16,6
DA:19,6
DA:22,42
DA:30,36
DA:31,36
DA:34,6
DA:35,36
DA:36,36
DA:40,6
DA:41,6
DA:43,6
LF:21
LH:20
BRDA:8,0,0,6
BRDA:8,0,1,0
BRDA:13,1,0,0
BRDA:13,1,1,6
BRDA:23,2,0,42
BRDA:23,2,1,42
BRDA:23,2,2,36
BRDA:23,2,3,36
BRDA:35,3,0,36
BRDA:35,3,1,0
BRF:10
BRH:7
end_of_record
TN:
SF:models/order.js
FN:5,(anonymous_0)
FN:12,(anonymous_1)
FNF:2
FNH:2
FNDA:6,(anonymous_0)
FNDA:6,(anonymous_1)
DA:4,6
DA:5,6
DA:14,6
DA:15,6
DA:17,6
DA:20,6
DA:29,6
LF:7
LH:7
BRF:0
BRH:0
end_of_record
TN:
SF:models/orderitem.js
FN:5,(anonymous_0)
FN:12,(anonymous_1)
FNF:2
FNH:2
FNDA:6,(anonymous_0)
FNDA:6,(anonymous_1)
DA:4,6
DA:5,6
DA:14,6
DA:15,6
DA:18,6
DA:29,6
LF:6
LH:6
BRF:0
BRH:0
end_of_record
TN:
SF:models/product.js
FN:5,(anonymous_0)
FN:12,(anonymous_1)
FNF:2
FNH:2
FNDA:6,(anonymous_0)
FNDA:6,(anonymous_1)
DA:4,6
DA:5,6
DA:14,6
DA:15,6
DA:16,6
DA:18,6
DA:21,6
DA:105,6
LF:8
LH:8
BRF:0
BRH:0
end_of_record
TN:
SF:models/user.js
FN:6,(anonymous_0)
FN:13,(anonymous_1)
FN:79,(anonymous_2)
FNF:3
FNH:3
FNDA:6,(anonymous_0)
FNDA:6,(anonymous_1)
FNDA:2,(anonymous_2)
DA:4,6
DA:5,6
DA:6,6
DA:15,6
DA:16,6
DA:19,6
DA:79,6
DA:80,2
DA:82,6
LF:9
LH:9
BRF:0
BRH:0
end_of_record
TN:
SF:routers/index.js
FNF:0
FNH:0
DA:1,6
DA:2,6
DA:7,6
DA:12,6
DA:15,6
LF:5
LH:5
BRF:0
BRH:0
end_of_record
TN:
SF:routers/public.js
FNF:0
FNH:0
DA:1,6
DA:2,6
DA:3,6
DA:4,6
DA:6,6
DA:7,6
DA:8,6
DA:10,6
DA:11,6
DA:12,6
DA:13,6
DA:15,6
DA:17,6
DA:18,6
DA:19,6
DA:21,6
DA:22,6
DA:24,6
DA:26,6
DA:27,6
DA:31,6
DA:33,6
LF:22
LH:22
BRF:0
BRH:0
end_of_record
